============================================================
  Generated by:           Genus(TM) Synthesis Solution 19.17-s144_1
  Generated on:           Nov 26 2025  07:10:33 am
  Module:                 cv32e40p_wrapper
  Library domain:         timing_tt_1p80v_25c
    Domain index:         0
    Technology libraries: tcb018gbwp7ttc 270
                          tpd018nvtc 280a
                          TS1DA32KX32 V100.A
  Operating conditions:   NCCOM 
  Interconnect mode:      global
  Area mode:              physical library
============================================================

                          Instance                                                Module                        Cell Count   Cell Area    Net Area    Combinational    Buffer    Inverter      Flop        Latch     Clock-Gate   Memory      Macro       Total Area 
---------------------------------------------------------------------------------------------------------------------------------------------------------------------------------------------------------------------------------------------------------------------
cv32e40p_wrapper                                                                                                    127460 16123258.568 1264089.407     1057388.326  15021.754  69282.707  1695879.808  431058.253    25787.014    0.000  12828840.705  17387347.974 
  i_cv32e40p_xilinx                                         cv32e40p_xilinx                                         127452 16068058.568 1264017.322     1057388.326  15021.754  69282.707  1695879.808  431058.253    25787.014    0.000  12773640.705  17332075.889 
    i_acc                                                   npu                                                      92128  2395325.408  880491.636      645292.211   8401.030  49139.552  1248217.062  431027.520    13248.032    0.000         0.000   3275817.044 
      u_conv                                                conv                                                     40859  1068636.531  413232.346      367987.962   4478.208  25901.165   657730.214       0.000    12538.982    0.000         0.000   1481868.877 
        conv1_buffer                                        buffer                                                    4369   182221.357       0.000           0.000      0.000      0.000   182184.038       0.000       37.318    0.000         0.000    182221.357 
        conv1_inst                                          conv1                                                    10927   296277.363   81125.609       91443.251   1538.835   6581.210   189735.526       0.000     6978.541    0.000         0.000    377402.972 
          dut                                               conv_unit                                                 1388    32862.144   13331.596       31891.866      8.781    961.498        0.000       0.000        0.000    0.000         0.000     46193.740 
        conv2_inst                                          conv2                                                    17703   373166.438  172175.333      206337.824   2142.515  14508.077   145140.038       0.000     5037.984    0.000         0.000    545341.772 
          dut2                                              conv_unit2                                                2903    66962.381   29653.454       64290.822    149.274   2522.285        0.000       0.000        0.000    0.000         0.000     96615.835 
        partial_sum_inst                                    partial_sum                                               7856   216912.102   67413.463       70206.886    737.587   4811.878   140670.611       0.000      485.139    0.000         0.000    284325.565 
      u_fcn                                                 fcn                                                      23602   761012.179  190579.220      159694.214   3198.406   8453.715   589031.430       0.000      634.413    0.000         0.000    951591.399 
        PEs[0].pe_inst                                      pe_unit_fcn                                                218     5683.373    1861.718        4309.178      0.000    177.811     1159.066       0.000       37.318    0.000         0.000      7545.090 
        PEs[1].pe_inst                                      pe_unit_fcn_1                                              218     5683.373    1861.718        4309.178      0.000    177.811     1159.066       0.000       37.318    0.000         0.000      7545.090 
        PEs[2].pe_inst                                      pe_unit_fcn_2                                              218     5683.373    1861.718        4309.178      0.000    177.811     1159.066       0.000       37.318    0.000         0.000      7545.090 
        PEs[3].pe_inst                                      pe_unit_fcn_3                                              218     5683.373    1861.718        4309.178      0.000    177.811     1159.066       0.000       37.318    0.000         0.000      7545.090 
        PEs[4].pe_inst                                      pe_unit_fcn_4                                              218     5683.373    1861.718        4309.178      0.000    177.811     1159.066       0.000       37.318    0.000         0.000      7545.090 
        PEs[5].pe_inst                                      pe_unit_fcn_5                                              218     5683.373    1861.718        4309.178      0.000    177.811     1159.066       0.000       37.318    0.000         0.000      7545.090 
        PEs[6].pe_inst                                      pe_unit_fcn_6                                              218     5683.373    1861.718        4309.178      0.000    177.811     1159.066       0.000       37.318    0.000         0.000      7545.090 
        PEs[7].pe_inst                                      pe_unit_fcn_7                                              218     5683.373    1861.718        4309.178      0.000    177.811     1159.066       0.000       37.318    0.000         0.000      7545.090 
        PEs[8].pe_inst                                      pe_unit_fcn_8                                              218     5683.373    1861.718        4309.178      0.000    177.811     1159.066       0.000       37.318    0.000         0.000      7545.090 
        PEs[9].pe_inst                                      pe_unit_fcn_9                                              218     5683.373    1861.718        4309.178      0.000    177.811     1159.066       0.000       37.318    0.000         0.000      7545.090 
    i_axi2acc                                               axi2mem_slave_AXI_BUS_Slave_4                              700    16428.877    7789.818       10666.477     70.246    638.803     4904.077       0.000      149.274    0.000         0.000     24218.695 
    i_axi2dsram                                             axi2mem_slave_AXI_BUS_Slave_3                              642    15467.379    6799.513        9751.078    122.931    540.019     4904.077       0.000      149.274    0.000         0.000     22266.892 
    i_axi2rom                                               axi2mem_slave_AXI_BUS_Slave_1                              645    15467.379    6814.804        9779.616      8.781    625.632     4904.077       0.000      149.274    0.000         0.000     22282.183 
    i_axi2sram                                              axi2mem_slave_AXI_BUS_Slave_2                              642    15478.355    6826.194        9735.712    164.640    520.262     4908.467       0.000      149.274    0.000         0.000     22304.549 
    i_axi_adapter_data                                      axi_adapter_1                                              184     4061.120    1329.040        1723.232     17.562     92.198     2116.173       0.000      111.955    0.000         0.000      5390.160 
    i_axi_adapter_dm                                        axi_adapter_2                                              181     3995.264    1289.878        1672.742      8.781     98.784     2103.002       0.000      111.955    0.000         0.000      5285.142 
    i_axi_adapter_instr                                     axi_adapter                                                 85     2539.846     383.047         362.208      0.000     72.442     1993.242       0.000      111.955    0.000         0.000      2922.893 
    i_dm_axi2mem                                            axi2mem_slave_AXI_BUS_Slave                                731    16562.784    7966.597       10850.874     26.342    632.218     4904.077       0.000      149.274    0.000         0.000     24529.381 
    i_dmi_jtag                                              dmi_jtag                                                   633    20171.693    4956.519        2862.541      0.000    316.109    16470.586       0.000      522.458    0.000         0.000     25128.212 
      i_dmi_jtag_tap                                        dmi_jtag_tap                                               230     5850.208    1906.966        1472.979      0.000    133.907     4019.411       0.000      223.910    0.000         0.000      7757.174 
        i_tck_inv                                           cluster_clock_inverter                                       1        6.586       0.000           0.000      0.000      6.586        0.000       0.000        0.000    0.000         0.000         6.586 
          i_tc_clk_inverter                                 tc_clk_inverter                                              1        6.586       0.000           0.000      0.000      6.586        0.000       0.000        0.000    0.000         0.000         6.586 
      i_dmi_cdc                                             dmi_cdc                                                    188     8324.198     671.229         169.030      0.000     59.270     7946.624       0.000      149.274    0.000         0.000      8995.428 
        i_cdc_req                                           cdc_2phase                                                 102     4508.941     361.515          90.003      0.000     32.928     4311.373       0.000       74.637    0.000         0.000      4870.456 
          i_dst                                             cdc_2phase_dst                                              52     2296.179      57.574          59.270      0.000     13.171     2186.419       0.000       37.318    0.000         0.000      2353.753 
          i_src                                             cdc_2phase_src                                              49     2206.176      30.425          30.733      0.000     13.171     2124.954       0.000       37.318    0.000         0.000      2236.601 
        i_cdc_resp                                          cdc_2phase_0                                                85     3808.672     309.714          79.027      0.000     19.757     3635.251       0.000       74.637    0.000         0.000      4118.386 
          i_dst                                             cdc_2phase_dst_0                                            44     1947.142      51.489          48.294      0.000     13.171     1848.358       0.000       37.318    0.000         0.000      1998.631 
          i_src                                             cdc_2phase_src_0                                            41     1861.530      24.340          30.733      0.000      6.586     1786.893       0.000       37.318    0.000         0.000      1885.870 
    i_axi_xbar                                              axi_xbar_intf_slv_ports_AXI_BUS_Slave_mst_ports_AX       10909   317294.208   99843.422       94602.144    946.131   5235.552   210054.298       0.000     6456.083    0.000         0.000    417137.630 
      i_xbar                                                axi_xbar                                                 10909   317294.208   99843.422       94602.144    946.131   5235.552   210054.298       0.000     6456.083    0.000         0.000    417137.630 
        gen_mst_port_mux[0].i_axi_mux                       axi_mux                                                   1090    34157.312    8520.026       10010.112     52.685    572.947    23036.429       0.000      485.139    0.000         0.000     42677.338 
          gen_mux.i_ar_arbiter                              rr_arb_tree_2                                              117     2401.549     961.596        1936.166      0.000    111.955      316.109       0.000       37.318    0.000         0.000      3363.145 
            gen_arbiter.gen_int_rr.gen_fair_arb.i_lzc_lower lzc_0_3                                                      3       30.733       0.000          30.733      0.000      0.000        0.000       0.000        0.000    0.000         0.000        30.733 
            gen_arbiter.gen_int_rr.gen_fair_arb.i_lzc_upper lzc_0_2                                                      2       15.366       0.000           8.781      0.000      6.586        0.000       0.000        0.000    0.000         0.000        15.366 
          gen_mux.i_ar_spill_reg                            spill_register_7                                           216     7999.309    1309.381        1372.000     17.562     37.318     6497.792       0.000       74.637    0.000         0.000      9308.690 
            spill_register_flushable_i                      spill_register_flushable_7                                 216     7999.309    1309.381        1372.000     17.562     37.318     6497.792       0.000       74.637    0.000         0.000      9308.690 
          gen_mux.i_aw_arbiter                              rr_arb_tree_1                                              131     2592.531    1057.709        2074.464      0.000    164.640      316.109       0.000       37.318    0.000         0.000      3650.240 
            gen_arbiter.gen_int_rr.gen_fair_arb.i_lzc_lower lzc_0_1                                                      3       30.733       0.000          30.733      0.000      0.000        0.000       0.000        0.000    0.000         0.000        30.733 
            gen_arbiter.gen_int_rr.gen_fair_arb.i_lzc_upper lzc_0                                                        2       15.366       0.000           8.781      0.000      6.586        0.000       0.000        0.000    0.000         0.000        15.366 
          gen_mux.i_aw_spill_reg                            spill_register_4                                           234     8701.773    1417.976        1490.541     17.562     41.709     7077.325       0.000       74.637    0.000         0.000     10119.749 
            spill_register_flushable_i                      spill_register_flushable_4                                 234     8701.773    1417.976        1490.541     17.562     41.709     7077.325       0.000       74.637    0.000         0.000     10119.749 
          gen_mux.i_b_spill_reg                             spill_register_6                                            33     1088.819     205.020         208.544      0.000      6.586      799.053       0.000       74.637    0.000         0.000      1293.839 
            spill_register_flushable_i                      spill_register_flushable_6                                  33     1088.819     205.020         208.544      0.000      6.586      799.053       0.000       74.637    0.000         0.000      1293.839 
          gen_mux.i_r_spill_reg                             spill_register_8                                           135     4945.786     820.548         858.323      0.000     26.342     3986.483       0.000       74.637    0.000         0.000      5766.333 
            spill_register_flushable_i                      spill_register_flushable_8                                 135     4945.786     820.548         858.323      0.000     26.342     3986.483       0.000       74.637    0.000         0.000      5766.333 
          gen_mux.i_w_fifo                                  fifo_v3_4                                                    9      283.181      36.198          30.733      0.000     13.171      201.958       0.000       37.318    0.000         0.000       319.379 
          gen_mux.i_w_spill_reg                             spill_register_5                                           133     4746.022     811.654         816.614      8.781     52.685     3793.306       0.000       74.637    0.000         0.000      5557.676 
            spill_register_flushable_i                      spill_register_flushable_5                                 133     4746.022     811.654         816.614      8.781     52.685     3793.306       0.000       74.637    0.000         0.000      5557.676 
        gen_mst_port_mux[1].i_axi_mux                       axi_mux_1                                                 1086    34115.603    8492.721       10010.112     43.904    540.019    23036.429       0.000      485.139    0.000         0.000     42608.325 
          gen_mux.i_ar_arbiter                              rr_arb_tree_2_1                                            116     2401.549     955.511        1936.166      0.000    111.955      316.109       0.000       37.318    0.000         0.000      3357.060 
            gen_arbiter.gen_int_rr.gen_fair_arb.i_lzc_lower lzc_0_7                                                      3       30.733       0.000          30.733      0.000      0.000        0.000       0.000        0.000    0.000         0.000        30.733 
            gen_arbiter.gen_int_rr.gen_fair_arb.i_lzc_upper lzc_0_6                                                      2       15.366       0.000           8.781      0.000      6.586        0.000       0.000        0.000    0.000         0.000        15.366 
          gen_mux.i_ar_spill_reg                            spill_register_7_1                                         216     7994.918    1309.381        1372.000     17.562     32.928     6497.792       0.000       74.637    0.000         0.000      9304.299 
            spill_register_flushable_i                      spill_register_flushable_7_1                               216     7994.918    1309.381        1372.000     17.562     32.928     6497.792       0.000       74.637    0.000         0.000      9304.299 
          gen_mux.i_aw_arbiter                              rr_arb_tree_1_1                                            131     2592.531    1057.709        2074.464      0.000    164.640      316.109       0.000       37.318    0.000         0.000      3650.240 
            gen_arbiter.gen_int_rr.gen_fair_arb.i_lzc_lower lzc_0_5                                                      3       30.733       0.000          30.733      0.000      0.000        0.000       0.000        0.000    0.000         0.000        30.733 
            gen_arbiter.gen_int_rr.gen_fair_arb.i_lzc_upper lzc_0_4                                                      2       15.366       0.000           8.781      0.000      6.586        0.000       0.000        0.000    0.000         0.000        15.366 
          gen_mux.i_aw_spill_reg                            spill_register_4_1                                         234     8688.602    1417.976        1490.541      0.000     46.099     7077.325       0.000       74.637    0.000         0.000     10106.578 
            spill_register_flushable_i                      spill_register_flushable_4_1                               234     8688.602    1417.976        1490.541      0.000     46.099     7077.325       0.000       74.637    0.000         0.000     10106.578 
          gen_mux.i_b_spill_reg                             spill_register_6_1                                          33     1088.819     205.020         208.544      0.000      6.586      799.053       0.000       74.637    0.000         0.000      1293.839 
            spill_register_flushable_i                      spill_register_flushable_6_1                                33     1088.819     205.020         208.544      0.000      6.586      799.053       0.000       74.637    0.000         0.000      1293.839 
          gen_mux.i_r_spill_reg                             spill_register_8_1                                         135     4945.786     820.548         858.323      0.000     26.342     3986.483       0.000       74.637    0.000         0.000      5766.333 
            spill_register_flushable_i                      spill_register_flushable_8_1                               135     4945.786     820.548         858.323      0.000     26.342     3986.483       0.000       74.637    0.000         0.000      5766.333 
          gen_mux.i_w_fifo                                  fifo_v3_4_1                                                  9      283.181      36.198          30.733      0.000     13.171      201.958       0.000       37.318    0.000         0.000       319.379 
          gen_mux.i_w_spill_reg                             spill_register_5_1                                         130     4724.070     790.434         818.810     17.562     19.757     3793.306       0.000       74.637    0.000         0.000      5514.505 
            spill_register_flushable_i                      spill_register_flushable_5_1                               130     4724.070     790.434         818.810     17.562     19.757     3793.306       0.000       74.637    0.000         0.000      5514.505 
        gen_mst_port_mux[2].i_axi_mux                       axi_mux_2                                                 1080    34098.042    8465.105       10005.722     70.246    500.506    23036.429       0.000      485.139    0.000         0.000     42563.146 
          gen_mux.i_ar_arbiter                              rr_arb_tree_2_2                                            116     2397.158     958.476        1927.386      0.000    116.346      316.109       0.000       37.318    0.000         0.000      3355.634 
            gen_arbiter.gen_int_rr.gen_fair_arb.i_lzc_lower lzc_0_11                                                     3       30.733       0.000          30.733      0.000      0.000        0.000       0.000        0.000    0.000         0.000        30.733 
            gen_arbiter.gen_int_rr.gen_fair_arb.i_lzc_upper lzc_0_10                                                     2       15.366       0.000           8.781      0.000      6.586        0.000       0.000        0.000    0.000         0.000        15.366 
          gen_mux.i_ar_spill_reg                            spill_register_7_2                                         217     8001.504    1315.466        1372.000     17.562     39.514     6497.792       0.000       74.637    0.000         0.000      9316.970 
            spill_register_flushable_i                      spill_register_flushable_7_2                               217     8001.504    1315.466        1372.000     17.562     39.514     6497.792       0.000       74.637    0.000         0.000      9316.970 
          gen_mux.i_aw_arbiter                              rr_arb_tree_1_2                                            124     2548.627    1015.114        2074.464      8.781    111.955      316.109       0.000       37.318    0.000         0.000      3563.741 
            gen_arbiter.gen_int_rr.gen_fair_arb.i_lzc_lower lzc_0_9                                                      3       30.733       0.000          30.733      0.000      0.000        0.000       0.000        0.000    0.000         0.000        30.733 
            gen_arbiter.gen_int_rr.gen_fair_arb.i_lzc_upper lzc_0_8                                                      2       15.366       0.000           8.781      0.000      6.586        0.000       0.000        0.000    0.000         0.000        15.366 
          gen_mux.i_aw_spill_reg                            spill_register_4_2                                         234     8692.992    1417.976        1490.541     17.562     32.928     7077.325       0.000       74.637    0.000         0.000     10110.968 
            spill_register_flushable_i                      spill_register_flushable_4_2                               234     8692.992    1417.976        1490.541     17.562     32.928     7077.325       0.000       74.637    0.000         0.000     10110.968 
          gen_mux.i_b_spill_reg                             spill_register_6_2                                          33     1088.819     205.020         208.544      0.000      6.586      799.053       0.000       74.637    0.000         0.000      1293.839 
            spill_register_flushable_i                      spill_register_flushable_6_2                                33     1088.819     205.020         208.544      0.000      6.586      799.053       0.000       74.637    0.000         0.000      1293.839 
          gen_mux.i_r_spill_reg                             spill_register_8_2                                         136     4954.566     826.633         860.518      0.000     32.928     3986.483       0.000       74.637    0.000         0.000      5781.199 
            spill_register_flushable_i                      spill_register_flushable_8_2                               136     4954.566     826.633         860.518      0.000     32.928     3986.483       0.000       74.637    0.000         0.000      5781.199 
          gen_mux.i_w_fifo                                  fifo_v3_4_2                                                  9      283.181      36.198          30.733      0.000     13.171      201.958       0.000       37.318    0.000         0.000       319.379 
          gen_mux.i_w_spill_reg                             spill_register_5_2                                         130     4721.875     790.434         818.810      8.781     26.342     3793.306       0.000       74.637    0.000         0.000      5512.309 
            spill_register_flushable_i                      spill_register_flushable_5_2                               130     4721.875     790.434         818.810      8.781     26.342     3793.306       0.000       74.637    0.000         0.000      5512.309 
        gen_mst_port_mux[3].i_axi_mux                       axi_mux_3                                                 1091    34216.582    8532.040       10010.112    127.322    557.581    23036.429       0.000      485.139    0.000         0.000     42748.623 
          gen_mux.i_ar_arbiter                              rr_arb_tree_2_3                                            117     2405.939     964.561        1929.581     17.562    105.370      316.109       0.000       37.318    0.000         0.000      3370.500 
            gen_arbiter.gen_int_rr.gen_fair_arb.i_lzc_lower lzc_0_15                                                     3       30.733       0.000          30.733      0.000      0.000        0.000       0.000        0.000    0.000         0.000        30.733 
            gen_arbiter.gen_int_rr.gen_fair_arb.i_lzc_upper lzc_0_14                                                     2       15.366       0.000           8.781      0.000      6.586        0.000       0.000        0.000    0.000         0.000        15.366 
          gen_mux.i_ar_spill_reg                            spill_register_7_3                                         220     8067.360    1333.721        1372.000     83.418     39.514     6497.792       0.000       74.637    0.000         0.000      9401.081 
            spill_register_flushable_i                      spill_register_flushable_7_3                               220     8067.360    1333.721        1372.000     83.418     39.514     6497.792       0.000       74.637    0.000         0.000      9401.081 
          gen_mux.i_aw_arbiter                              rr_arb_tree_1_3                                            131     2592.531    1057.709        2074.464      0.000    164.640      316.109       0.000       37.318    0.000         0.000      3650.240 
            gen_arbiter.gen_int_rr.gen_fair_arb.i_lzc_lower lzc_0_13                                                     3       30.733       0.000          30.733      0.000      0.000        0.000       0.000        0.000    0.000         0.000        30.733 
            gen_arbiter.gen_int_rr.gen_fair_arb.i_lzc_upper lzc_0_12                                                     2       15.366       0.000           8.781      0.000      6.586        0.000       0.000        0.000    0.000         0.000        15.366 
          gen_mux.i_aw_spill_reg                            spill_register_4_3                                         234     8690.797    1417.976        1492.736      0.000     46.099     7077.325       0.000       74.637    0.000         0.000     10108.773 
            spill_register_flushable_i                      spill_register_flushable_4_3                               234     8690.797    1417.976        1492.736      0.000     46.099     7077.325       0.000       74.637    0.000         0.000     10108.773 
          gen_mux.i_b_spill_reg                             spill_register_6_3                                          33     1088.819     205.020         208.544      0.000      6.586      799.053       0.000       74.637    0.000         0.000      1293.839 
            spill_register_flushable_i                      spill_register_flushable_6_3                                33     1088.819     205.020         208.544      0.000      6.586      799.053       0.000       74.637    0.000         0.000      1293.839 
          gen_mux.i_r_spill_reg                             spill_register_8_3                                         136     4956.762     826.633         858.323      8.781     28.538     3986.483       0.000       74.637    0.000         0.000      5783.394 
            spill_register_flushable_i                      spill_register_flushable_8_3                               136     4956.762     826.633         858.323      8.781     28.538     3986.483       0.000       74.637    0.000         0.000      5783.394 
          gen_mux.i_w_fifo                                  fifo_v3_4_3                                                  9      283.181      36.198          30.733      0.000     13.171      201.958       0.000       37.318    0.000         0.000       319.379 
          gen_mux.i_w_spill_reg                             spill_register_5_3                                         130     4721.875     790.434         821.005      0.000     32.928     3793.306       0.000       74.637    0.000         0.000      5512.309 
            spill_register_flushable_i                      spill_register_flushable_5_3                               130     4721.875     790.434         821.005      0.000     32.928     3793.306       0.000       74.637    0.000         0.000      5512.309 
        gen_mst_port_mux[4].i_axi_mux                       axi_mux_4                                                 1085    34150.726    8492.565       10018.893    105.370    504.896    23036.429       0.000      485.139    0.000         0.000     42643.292 
          gen_mux.i_ar_arbiter                              rr_arb_tree_2_4                                            116     2397.158     955.511        1936.166      8.781     98.784      316.109       0.000       37.318    0.000         0.000      3352.670 
            gen_arbiter.gen_int_rr.gen_fair_arb.i_lzc_lower lzc_0_19                                                     3       30.733       0.000          30.733      0.000      0.000        0.000       0.000        0.000    0.000         0.000        30.733 
            gen_arbiter.gen_int_rr.gen_fair_arb.i_lzc_upper lzc_0_18                                                     2       15.366       0.000           8.781      0.000      6.586        0.000       0.000        0.000    0.000         0.000        15.366 
          gen_mux.i_ar_spill_reg                            spill_register_7_4                                         216     7999.309    1309.381        1374.195     26.342     26.342     6497.792       0.000       74.637    0.000         0.000      9308.690 
            spill_register_flushable_i                      spill_register_flushable_7_4                               216     7999.309    1309.381        1374.195     26.342     26.342     6497.792       0.000       74.637    0.000         0.000      9308.690 
          gen_mux.i_aw_arbiter                              rr_arb_tree_1_4                                            129     2588.141    1045.539        2074.464      0.000    160.250      316.109       0.000       37.318    0.000         0.000      3633.680 
            gen_arbiter.gen_int_rr.gen_fair_arb.i_lzc_lower lzc_0_17                                                     3       30.733       0.000          30.733      0.000      0.000        0.000       0.000        0.000    0.000         0.000        30.733 
            gen_arbiter.gen_int_rr.gen_fair_arb.i_lzc_upper lzc_0_16                                                     2       15.366       0.000           8.781      0.000      6.586        0.000       0.000        0.000    0.000         0.000        15.366 
          gen_mux.i_aw_spill_reg                            spill_register_4_4                                         235     8703.968    1424.061        1492.736     26.342     32.928     7077.325       0.000       74.637    0.000         0.000     10128.029 
            spill_register_flushable_i                      spill_register_flushable_4_4                               235     8703.968    1424.061        1492.736     26.342     32.928     7077.325       0.000       74.637    0.000         0.000     10128.029 
          gen_mux.i_b_spill_reg                             spill_register_6_4                                          33     1088.819     205.020         208.544      0.000      6.586      799.053       0.000       74.637    0.000         0.000      1293.839 
            spill_register_flushable_i                      spill_register_flushable_6_4                                33     1088.819     205.020         208.544      0.000      6.586      799.053       0.000       74.637    0.000         0.000      1293.839 
          gen_mux.i_r_spill_reg                             spill_register_8_4                                         136     4956.762     826.633         860.518      8.781     26.342     3986.483       0.000       74.637    0.000         0.000      5783.394 
            spill_register_flushable_i                      spill_register_flushable_8_4                               136     4956.762     826.633         860.518      8.781     26.342     3986.483       0.000       74.637    0.000         0.000      5783.394 
          gen_mux.i_w_fifo                                  fifo_v3_4_4                                                  9      283.181      36.198          30.733      0.000     13.171      201.958       0.000       37.318    0.000         0.000       319.379 
          gen_mux.i_w_spill_reg                             spill_register_5_4                                         130     4724.070     790.434         818.810     17.562     19.757     3793.306       0.000       74.637    0.000         0.000      5514.505 
            spill_register_flushable_i                      spill_register_flushable_5_4                               130     4724.070     790.434         818.810     17.562     19.757     3793.306       0.000       74.637    0.000         0.000      5514.505 
        gen_slv_port_demux[0].i_axi_ar_decode               addr_decode_1                                               18      210.739      99.857         197.568      0.000     13.171        0.000       0.000        0.000    0.000         0.000       310.597 
        gen_slv_port_demux[0].i_axi_aw_decode               addr_decode                                                 18      210.739      99.857         197.568      0.000     13.171        0.000       0.000        0.000    0.000         0.000       310.597 
        gen_slv_port_demux[0].i_axi_demux                   axi_demux                                                 1394    38148.186   10520.764       11129.664    109.760    630.022    25420.416       0.000      858.323    0.000         0.000     48668.950 
          gen_demux.gen_ar_id_counter.i_ar_id_counter       axi_demux_id_counters_1                                     95     2175.443     736.761         915.398      0.000     65.856     1044.915       0.000      149.274    0.000         0.000      2912.204 
            gen_counters[0].i_in_flight_cnt                 delta_counter_4                                              7      173.421      33.390          57.075      0.000      6.586      109.760       0.000        0.000    0.000         0.000       206.811 
            gen_counters[1].i_in_flight_cnt                 delta_counter_5                                              7      173.421      33.390          57.075      0.000      6.586      109.760       0.000        0.000    0.000         0.000       206.811 
            gen_counters[2].i_in_flight_cnt                 delta_counter_6                                              7      173.421      33.390          57.075      0.000      6.586      109.760       0.000        0.000    0.000         0.000       206.811 
            gen_counters[3].i_in_flight_cnt                 delta_counter_7                                              7      173.421      33.390          57.075      0.000      6.586      109.760       0.000        0.000    0.000         0.000       206.811 
          gen_demux.gen_aw_id_counter.i_aw_id_counter       axi_demux_id_counters                                       81     1944.947     584.010         643.194      0.000    111.955     1040.525       0.000      149.274    0.000         0.000      2528.957 
            gen_counters[0].i_in_flight_cnt                 delta_counter                                                6      164.640      27.305          48.294      0.000      6.586      109.760       0.000        0.000    0.000         0.000       191.945 
            gen_counters[1].i_in_flight_cnt                 delta_counter_1                                              6      164.640      27.305          48.294      0.000      6.586      109.760       0.000        0.000    0.000         0.000       191.945 
            gen_counters[2].i_in_flight_cnt                 delta_counter_2                                              6      164.640      27.305          48.294      0.000      6.586      109.760       0.000        0.000    0.000         0.000       191.945 
            gen_counters[3].i_in_flight_cnt                 delta_counter_3                                              6      164.640      27.305          48.294      0.000      6.586      109.760       0.000        0.000    0.000         0.000       191.945 
          gen_demux.i_ar_spill_reg                          spill_register_2                                           224     8192.486    1357.905        1393.952     83.418     46.099     6594.381       0.000       74.637    0.000         0.000      9550.392 
            spill_register_flushable_i                      spill_register_flushable_2                                 224     8192.486    1357.905        1393.952     83.418     46.099     6594.381       0.000       74.637    0.000         0.000      9550.392 
          gen_demux.i_aw_spill_reg                          spill_register                                             238     8820.314    1442.160        1512.493      8.781     50.490     7173.914       0.000       74.637    0.000         0.000     10262.474 
            spill_register_flushable_i                      spill_register_flushable                                   238     8820.314    1442.160        1512.493      8.781     50.490     7173.914       0.000       74.637    0.000         0.000     10262.474 
          gen_demux.i_b_mux                                 rr_arb_tree                                                104     1688.109     879.214        1051.501      0.000     39.514      522.458       0.000       74.637    0.000         0.000      2567.323 
            gen_arbiter.gen_int_rr.gen_fair_arb.i_lzc_lower lzc_1                                                        9      103.174      39.319         103.174      0.000      0.000        0.000       0.000        0.000    0.000         0.000       142.493 
            gen_arbiter.gen_int_rr.gen_fair_arb.i_lzc_upper lzc                                                          9       92.198      39.319          92.198      0.000      0.000        0.000       0.000        0.000    0.000         0.000       131.517 
          gen_demux.i_b_spill_reg                           spill_register_1                                            27      856.128     168.822         169.030      0.000      6.586      605.875       0.000       74.637    0.000         0.000      1024.950 
            spill_register_flushable_i                      spill_register_flushable_1                                  27      856.128     168.822         169.030      0.000      6.586      605.875       0.000       74.637    0.000         0.000      1024.950 
          gen_demux.i_r_mux                                 rr_arb_tree_0                                              257     3485.978    2187.503        2724.243      0.000    164.640      522.458       0.000       74.637    0.000         0.000      5673.480 
            gen_arbiter.gen_int_rr.gen_fair_arb.i_lzc_lower lzc_3                                                        9      103.174      39.319         103.174      0.000      0.000        0.000       0.000        0.000    0.000         0.000       142.493 
            gen_arbiter.gen_int_rr.gen_fair_arb.i_lzc_upper lzc_2                                                        9       92.198      39.319          92.198      0.000      0.000        0.000       0.000        0.000    0.000         0.000       131.517 
          gen_demux.i_r_spill_reg                           spill_register_3                                           129     4713.094     784.349         818.810      0.000     26.342     3793.306       0.000       74.637    0.000         0.000      5497.444 
            spill_register_flushable_i                      spill_register_flushable_3                                 129     4713.094     784.349         818.810      0.000     26.342     3793.306       0.000       74.637    0.000         0.000      5497.444 
          gen_demux.i_w_fifo                                fifo_v3                                                      9      311.718      30.113          28.538      0.000     13.171      232.691       0.000       37.318    0.000         0.000       341.832 
          gen_demux.i_w_spill_reg                           spill_register_0                                           130     4721.875     790.434         821.005      0.000     32.928     3793.306       0.000       74.637    0.000         0.000      5512.309 
            spill_register_flushable_i                      spill_register_flushable_0                                 130     4721.875     790.434         821.005      0.000     32.928     3793.306       0.000       74.637    0.000         0.000      5512.309 
        gen_slv_port_demux[0].i_axi_err_slv                 axi_err_slv                                                391    10205.485    3529.181        3244.506     74.637    197.568     6203.635       0.000      485.139    0.000         0.000     13734.666 
          genblk1.i_atop_filter                             axi_atop_filter                                            135     3106.208    1144.772        1187.603     74.637     79.027     1615.667       0.000      149.274    0.000         0.000      4250.980 
            r_resp_cmd                                      stream_register                                             18      651.974      78.170          48.294      0.000     26.342      540.019       0.000       37.318    0.000         0.000       730.144 
              i_fifo                                        fifo_v2                                                     14      616.851      44.936          26.342      0.000     13.171      540.019       0.000       37.318    0.000         0.000       661.787 
                i_fifo_v3                                   fifo_v3_0                                                   14      616.851      44.936          26.342      0.000     13.171      540.019       0.000       37.318    0.000         0.000       661.787 
          i_b_fifo                                          fifo_v3_2                                                   29      757.344     214.069         223.910      0.000     19.757      439.040       0.000       74.637    0.000         0.000       971.413 
          i_r_counter                                       counter                                                     44      893.446     266.339         421.478      0.000      0.000      434.650       0.000       37.318    0.000         0.000      1159.785 
            i_counter                                       delta_counter_0                                             44      893.446     260.254         421.478      0.000      0.000      434.650       0.000       37.318    0.000         0.000      1153.700 
          i_r_fifo                                          fifo_v3_3                                                  104     3679.155     888.575         724.416      0.000     32.928     2809.856       0.000      111.955    0.000         0.000      4567.731 
          i_w_fifo                                          fifo_v3_1                                                   60     1527.859     500.692         540.019      0.000     32.928      842.957       0.000      111.955    0.000         0.000      2028.551 
        gen_slv_port_demux[1].i_axi_ar_decode               addr_decode_3                                               18      210.739      99.857         197.568      0.000     13.171        0.000       0.000        0.000    0.000         0.000       310.597 
        gen_slv_port_demux[1].i_axi_aw_decode               addr_decode_2                                               18      210.739      99.857         197.568      0.000     13.171        0.000       0.000        0.000    0.000         0.000       310.597 
        gen_slv_port_demux[1].i_axi_demux                   axi_demux_1                                               1384    38023.059   10439.162       11061.613     92.198    592.704    25418.221       0.000      858.323    0.000         0.000     48462.221 
          gen_demux.gen_ar_id_counter.i_ar_id_counter       axi_demux_id_counters_3                                     95     2175.443     736.761         915.398      0.000     65.856     1044.915       0.000      149.274    0.000         0.000      2912.204 
            gen_counters[0].i_in_flight_cnt                 delta_counter_12                                             7      173.421      33.390          57.075      0.000      6.586      109.760       0.000        0.000    0.000         0.000       206.811 
            gen_counters[1].i_in_flight_cnt                 delta_counter_13                                             7      173.421      33.390          57.075      0.000      6.586      109.760       0.000        0.000    0.000         0.000       206.811 
            gen_counters[2].i_in_flight_cnt                 delta_counter_14                                             7      173.421      33.390          57.075      0.000      6.586      109.760       0.000        0.000    0.000         0.000       206.811 
            gen_counters[3].i_in_flight_cnt                 delta_counter_15                                             7      173.421      33.390          57.075      0.000      6.586      109.760       0.000        0.000    0.000         0.000       206.811 
          gen_demux.gen_aw_id_counter.i_aw_id_counter       axi_demux_id_counters_2                                     80     1931.776     577.925         638.803      0.000    105.370     1038.330       0.000      149.274    0.000         0.000      2509.701 
            gen_counters[0].i_in_flight_cnt                 delta_counter_8                                              6      164.640      27.305          48.294      0.000      6.586      109.760       0.000        0.000    0.000         0.000       191.945 
            gen_counters[1].i_in_flight_cnt                 delta_counter_9                                              6      164.640      27.305          48.294      0.000      6.586      109.760       0.000        0.000    0.000         0.000       191.945 
            gen_counters[2].i_in_flight_cnt                 delta_counter_10                                             6      164.640      27.305          48.294      0.000      6.586      109.760       0.000        0.000    0.000         0.000       191.945 
            gen_counters[3].i_in_flight_cnt                 delta_counter_11                                             6      164.640      27.305          48.294      0.000      6.586      109.760       0.000        0.000    0.000         0.000       191.945 
          gen_demux.i_ar_spill_reg                          spill_register_2_1                                         218     8102.483    1321.395        1393.952      0.000     39.514     6594.381       0.000       74.637    0.000         0.000      9423.878 
            spill_register_flushable_i                      spill_register_flushable_2_1                               218     8102.483    1321.395        1393.952      0.000     39.514     6594.381       0.000       74.637    0.000         0.000      9423.878 
          gen_demux.i_aw_spill_reg                          spill_register_9                                           240     8875.194    1454.330        1512.493     74.637     39.514     7173.914       0.000       74.637    0.000         0.000     10329.524 
            spill_register_flushable_i                      spill_register_flushable_9                                 240     8875.194    1454.330        1512.493     74.637     39.514     7173.914       0.000       74.637    0.000         0.000     10329.524 
          gen_demux.i_b_mux                                 rr_arb_tree_3                                              105     1692.499     885.299        1055.891      0.000     39.514      522.458       0.000       74.637    0.000         0.000      2577.798 
            gen_arbiter.gen_int_rr.gen_fair_arb.i_lzc_lower lzc_5                                                        9      103.174      39.319         103.174      0.000      0.000        0.000       0.000        0.000    0.000         0.000       142.493 
            gen_arbiter.gen_int_rr.gen_fair_arb.i_lzc_upper lzc_4                                                        9       92.198      39.319          92.198      0.000      0.000        0.000       0.000        0.000    0.000         0.000       131.517 
          gen_demux.i_b_spill_reg                           spill_register_1_1                                          27      856.128     168.822         169.030      0.000      6.586      605.875       0.000       74.637    0.000         0.000      1024.950 
            spill_register_flushable_i                      spill_register_flushable_1_1                                27      856.128     168.822         169.030      0.000      6.586      605.875       0.000       74.637    0.000         0.000      1024.950 
          gen_demux.i_r_mux                                 rr_arb_tree_0_1                                            257     3490.368    2196.396        2722.048      0.000    171.226      522.458       0.000       74.637    0.000         0.000      5686.764 
            gen_arbiter.gen_int_rr.gen_fair_arb.i_lzc_lower lzc_7                                                        9      103.174      39.319         103.174      0.000      0.000        0.000       0.000        0.000    0.000         0.000       142.493 
            gen_arbiter.gen_int_rr.gen_fair_arb.i_lzc_upper lzc_6                                                        9       92.198      39.319          92.198      0.000      0.000        0.000       0.000        0.000    0.000         0.000       131.517 
          gen_demux.i_r_spill_reg                           spill_register_3_1                                         130     4721.875     790.434         821.005      0.000     32.928     3793.306       0.000       74.637    0.000         0.000      5512.309 
            spill_register_flushable_i                      spill_register_flushable_3_1                               130     4721.875     790.434         821.005      0.000     32.928     3793.306       0.000       74.637    0.000         0.000      5512.309 
          gen_demux.i_w_fifo                                fifo_v3_5                                                    9      309.523      30.113          26.342      0.000     13.171      232.691       0.000       37.318    0.000         0.000       339.636 
          gen_demux.i_w_spill_reg                           spill_register_0_1                                         130     4721.875     790.434         821.005      0.000     32.928     3793.306       0.000       74.637    0.000         0.000      5512.309 
            spill_register_flushable_i                      spill_register_flushable_0_1                               130     4721.875     790.434         821.005      0.000     32.928     3793.306       0.000       74.637    0.000         0.000      5512.309 
        gen_slv_port_demux[1].i_axi_err_slv                 axi_err_slv_1                                              395    10249.389    3565.380        3257.677     65.856    237.082     6203.635       0.000      485.139    0.000         0.000     13814.768 
          genblk1.i_atop_filter                             axi_atop_filter_1                                          141     3158.893    1187.212        1202.970     65.856    125.126     1615.667       0.000      149.274    0.000         0.000      4346.104 
            r_resp_cmd                                      stream_register_1                                           18      651.974      78.170          48.294      0.000     26.342      540.019       0.000       37.318    0.000         0.000       730.144 
              i_fifo                                        fifo_v2_1                                                   14      616.851      44.936          26.342      0.000     13.171      540.019       0.000       37.318    0.000         0.000       661.787 
                i_fifo_v3                                   fifo_v3_0_1                                                 14      616.851      44.936          26.342      0.000     13.171      540.019       0.000       37.318    0.000         0.000       661.787 
          i_b_fifo                                          fifo_v3_2_1                                                 29      757.344     214.069         223.910      0.000     19.757      439.040       0.000       74.637    0.000         0.000       971.413 
          i_r_counter                                       counter_1                                                   44      893.446     266.339         421.478      0.000      0.000      434.650       0.000       37.318    0.000         0.000      1159.785 
            i_counter                                       delta_counter_0_1                                           44      893.446     260.254         421.478      0.000      0.000      434.650       0.000       37.318    0.000         0.000      1153.700 
          i_r_fifo                                          fifo_v3_3_1                                                102     3670.374     876.405         722.221      0.000     26.342     2809.856       0.000      111.955    0.000         0.000      4546.780 
          i_w_fifo                                          fifo_v3_1_1                                                 60     1527.859     500.692         540.019      0.000     32.928      842.957       0.000      111.955    0.000         0.000      2028.551 
        gen_slv_port_demux[2].i_axi_ar_decode               addr_decode_5                                               18      210.739      99.857         197.568      0.000     13.171        0.000       0.000        0.000    0.000         0.000       310.597 
        gen_slv_port_demux[2].i_axi_aw_decode               addr_decode_4                                               18      210.739      99.857         197.568      0.000     13.171        0.000       0.000        0.000    0.000         0.000       310.597 
        gen_slv_port_demux[2].i_axi_demux                   axi_demux_2                                               1392    38216.237   10529.346       11210.886    138.298    586.118    25422.611       0.000      858.323    0.000         0.000     48745.582 
          gen_demux.gen_ar_id_counter.i_ar_id_counter       axi_demux_id_counters_5                                     95     2175.443     736.761         915.398      0.000     65.856     1044.915       0.000      149.274    0.000         0.000      2912.204 
            gen_counters[0].i_in_flight_cnt                 delta_counter_20                                             7      173.421      33.390          57.075      0.000      6.586      109.760       0.000        0.000    0.000         0.000       206.811 
            gen_counters[1].i_in_flight_cnt                 delta_counter_21                                             7      173.421      33.390          57.075      0.000      6.586      109.760       0.000        0.000    0.000         0.000       206.811 
            gen_counters[2].i_in_flight_cnt                 delta_counter_22                                             7      173.421      33.390          57.075      0.000      6.586      109.760       0.000        0.000    0.000         0.000       206.811 
            gen_counters[3].i_in_flight_cnt                 delta_counter_23                                             7      173.421      33.390          57.075      0.000      6.586      109.760       0.000        0.000    0.000         0.000       206.811 
          gen_demux.gen_aw_id_counter.i_aw_id_counter       axi_demux_id_counters_4                                     81     1949.338     584.010         645.389      0.000    111.955     1042.720       0.000      149.274    0.000         0.000      2533.348 
            gen_counters[0].i_in_flight_cnt                 delta_counter_16                                             6      164.640      27.305          48.294      0.000      6.586      109.760       0.000        0.000    0.000         0.000       191.945 
            gen_counters[1].i_in_flight_cnt                 delta_counter_17                                             6      164.640      27.305          48.294      0.000      6.586      109.760       0.000        0.000    0.000         0.000       191.945 
            gen_counters[2].i_in_flight_cnt                 delta_counter_18                                             6      164.640      27.305          48.294      0.000      6.586      109.760       0.000        0.000    0.000         0.000       191.945 
            gen_counters[3].i_in_flight_cnt                 delta_counter_19                                             6      164.640      27.305          48.294      0.000      6.586      109.760       0.000        0.000    0.000         0.000       191.945 
          gen_demux.i_ar_spill_reg                          spill_register_2_2                                         222     8216.634    1345.735        1393.952    120.736     32.928     6594.381       0.000       74.637    0.000         0.000      9562.369 
            spill_register_flushable_i                      spill_register_flushable_2_2                               222     8216.634    1345.735        1393.952    120.736     32.928     6594.381       0.000       74.637    0.000         0.000      9562.369 
          gen_demux.i_aw_spill_reg                          spill_register_10                                          236     8798.362    1429.990        1510.298      0.000     39.514     7173.914       0.000       74.637    0.000         0.000     10228.352 
            spill_register_flushable_i                      spill_register_flushable_10                                236     8798.362    1429.990        1510.298      0.000     39.514     7173.914       0.000       74.637    0.000         0.000     10228.352 
          gen_demux.i_b_mux                                 rr_arb_tree_4                                              105     1692.499     885.299        1055.891      0.000     39.514      522.458       0.000       74.637    0.000         0.000      2577.798 
            gen_arbiter.gen_int_rr.gen_fair_arb.i_lzc_lower lzc_9                                                        9      103.174      39.319         103.174      0.000      0.000        0.000       0.000        0.000    0.000         0.000       142.493 
            gen_arbiter.gen_int_rr.gen_fair_arb.i_lzc_upper lzc_8                                                        9       92.198      39.319          92.198      0.000      0.000        0.000       0.000        0.000    0.000         0.000       131.517 
          gen_demux.i_b_spill_reg                           spill_register_1_2                                          27      856.128     168.822         169.030      0.000      6.586      605.875       0.000       74.637    0.000         0.000      1024.950 
            spill_register_flushable_i                      spill_register_flushable_1_2                                27      856.128     168.822         169.030      0.000      6.586      605.875       0.000       74.637    0.000         0.000      1024.950 
          gen_demux.i_r_mux                                 rr_arb_tree_0_2                                            258     3532.077    2217.304        2790.099      0.000    144.883      522.458       0.000       74.637    0.000         0.000      5749.381 
            gen_arbiter.gen_int_rr.gen_fair_arb.i_lzc_lower lzc_11                                                       9      103.174      39.319         103.174      0.000      0.000        0.000       0.000        0.000    0.000         0.000       142.493 
            gen_arbiter.gen_int_rr.gen_fair_arb.i_lzc_upper lzc_10                                                       9       92.198      39.319          92.198      0.000      0.000        0.000       0.000        0.000    0.000         0.000       131.517 
          gen_demux.i_r_spill_reg                           spill_register_3_2                                         129     4715.290     784.349         821.005      0.000     26.342     3793.306       0.000       74.637    0.000         0.000      5499.639 
            spill_register_flushable_i                      spill_register_flushable_3_2                               129     4715.290     784.349         821.005      0.000     26.342     3793.306       0.000       74.637    0.000         0.000      5499.639 
          gen_demux.i_w_fifo                                fifo_v3_6                                                    9      311.718      30.113          28.538      0.000     13.171      232.691       0.000       37.318    0.000         0.000       341.832 
          gen_demux.i_w_spill_reg                           spill_register_0_2                                         130     4721.875     790.434         821.005      0.000     32.928     3793.306       0.000       74.637    0.000         0.000      5512.309 
            spill_register_flushable_i                      spill_register_flushable_0_2                               130     4721.875     790.434         821.005      0.000     32.928     3793.306       0.000       74.637    0.000         0.000      5512.309 
        gen_slv_port_demux[2].i_axi_err_slv                 axi_err_slv_2                                              395    10251.584    3583.167        3259.872     65.856    237.082     6203.635       0.000      485.139    0.000         0.000     13834.751 
          genblk1.i_atop_filter                             axi_atop_filter_2                                          142     3161.088    1208.119        1198.579     65.856    131.712     1615.667       0.000      149.274    0.000         0.000      4369.207 
            r_resp_cmd                                      stream_register_2                                           18      651.974      78.170          48.294      0.000     26.342      540.019       0.000       37.318    0.000         0.000       730.144 
              i_fifo                                        fifo_v2_2                                                   14      616.851      44.936          26.342      0.000     13.171      540.019       0.000       37.318    0.000         0.000       661.787 
                i_fifo_v3                                   fifo_v3_0_2                                                 14      616.851      44.936          26.342      0.000     13.171      540.019       0.000       37.318    0.000         0.000       661.787 
          i_b_fifo                                          fifo_v3_2_2                                                 29      757.344     214.069         223.910      0.000     19.757      439.040       0.000       74.637    0.000         0.000       971.413 
          i_r_counter                                       counter_2                                                   44      893.446     266.339         421.478      0.000      0.000      434.650       0.000       37.318    0.000         0.000      1159.785 
            i_counter                                       delta_counter_0_2                                           44      893.446     260.254         421.478      0.000      0.000      434.650       0.000       37.318    0.000         0.000      1153.700 
          i_r_fifo                                          fifo_v3_3_2                                                102     3670.374     876.405         722.221      0.000     26.342     2809.856       0.000      111.955    0.000         0.000      4546.780 
          i_w_fifo                                          fifo_v3_1_2                                                 59     1527.859     494.607         546.605      0.000     26.342      842.957       0.000      111.955    0.000         0.000      2022.466 
    i_rstgen_main                                           rstgen                                                       4      193.178      18.255           0.000      0.000      0.000      193.178       0.000        0.000    0.000         0.000       211.433 
      i_rstgen_bypass                                       rstgen_bypass                                                4      193.178      18.255           0.000      0.000      0.000      193.178       0.000        0.000    0.000         0.000       211.433 
    i_dm_top                                                dm_top                                                    2730    60475.565   25265.811       24487.456    320.499   1150.285    33659.002       0.000      858.323    0.000         0.000     85741.376 
      i_dm_csrs                                             dm_csrs                                                   1908    45732.602   13443.935       14121.722    206.349    735.392    29922.771       0.000      746.368    0.000         0.000     59176.537 
        i_fifo                                              fifo_v2_0                                                  125     5073.107     885.455         812.224      0.000     59.270     4126.976       0.000       74.637    0.000         0.000      5958.562 
          i_fifo_v3                                         fifo_v3_7                                                  125     5073.107     870.476         812.224      0.000     59.270     4126.976       0.000       74.637    0.000         0.000      5943.583 
      i_dm_mem                                              dm_mem                                                     702    12207.507    6611.032        8071.750    114.150    355.622     3591.347       0.000       74.637    0.000         0.000     18818.539 
        gen_rom_snd_scratch.i_debug_rom                     debug_rom                                                  116     1512.493     848.476        1198.579      0.000     65.856      210.739       0.000       37.318    0.000         0.000      2360.969 
      i_dm_sba                                              dm_sba                                                     120     2535.456     876.873        2293.984      0.000     59.270      144.883       0.000       37.318    0.000         0.000      3412.329 
    i_ri5cy                                                 cv32e40p_top                                             16178   370918.554  189775.679      226035.354   4908.467   9891.571   127029.638      30.733     3022.790    0.000         0.000    560694.233 
      core_i                                                cv32e40p_core                                            16178   370918.554  189661.780      226035.354   4908.467   9891.571   127029.638      30.733     3022.790    0.000         0.000    560580.333 
        cs_registers_i                                      cv32e40p_cs_registers                                     1250    35571.021   11955.591       13338.035    114.150    572.947    20948.794       0.000      597.094    0.000         0.000     47526.612 
        ex_stage_i                                          cv32e40p_ex_stage                                         7583   156333.363   84360.054      143399.245   1725.427   5127.987     5856.794       0.000      223.910    0.000         0.000    240693.418 
          alu_i                                             cv32e40p_alu                                              3264    54473.888   36210.033       45769.920    952.717   2315.936     5286.042       0.000      149.274    0.000         0.000     90683.921 
            alu_div_i                                       cv32e40p_alu_div                                           601    14053.670    5775.974        8194.682      8.781    414.893     5286.042       0.000      149.274    0.000         0.000     19829.645 
            ff_one_i                                        cv32e40p_ff_one                                             60      684.902     399.742         651.974      0.000     32.928        0.000       0.000        0.000    0.000         0.000      1084.644 
            popcnt_i                                        cv32e40p_popcnt                                             31     1477.370     340.764        1477.370      0.000      0.000        0.000       0.000        0.000    0.000         0.000      1818.133 
          mult_i                                            cv32e40p_mult                                             4262   100537.965   47354.750       96762.221    746.368   2772.538      219.520       0.000       37.318    0.000         0.000    147892.715 
        id_stage_i                                          cv32e40p_id_stage                                         5622   138833.229   61045.521       48799.296   1973.485   3387.194    82844.653       0.000     1828.602    0.000         0.000    199878.750 
          controller_i                                      cv32e40p_controller                                        272     3775.744    2103.248        2697.901     65.856    230.496      669.536       0.000      111.955    0.000         0.000      5878.992 
          decoder_i                                         cv32e40p_decoder                                           263     3051.328    2114.638        2886.688      0.000    164.640        0.000       0.000        0.000    0.000         0.000      5165.966 
          register_file_i                                   cv32e40p_register_file                                    3652    94845.811   43479.188       29022.739   1343.462   2291.789    61030.950       0.000     1156.870    0.000         0.000    138325.000 
        if_stage_i                                          cv32e40p_if_stage                                         1201    29850.330   11153.299       13858.298    322.694    553.190    14817.600       0.000      298.547    0.000         0.000     41003.628 
          aligner_i                                         cv32e40p_aligner                                           269     7788.570    2176.269        3459.635     92.198     92.198     4069.901       0.000       74.637    0.000         0.000      9964.838 
          compressed_decoder_i                              cv32e40p_compressed_decoder                                194     2276.422    1708.967        2131.539      0.000    144.883        0.000       0.000        0.000    0.000         0.000      3985.389 
          prefetch_buffer_i                                 cv32e40p_prefetch_buffer                                   425    12653.133    3581.606        4618.701    151.469    197.568     7498.803       0.000      186.592    0.000         0.000     16234.739 
            fifo_i                                          cv32e40p_fifo                                              135     5174.086     955.043         891.251      8.781     59.270     4140.147       0.000       74.637    0.000         0.000      6129.129 
            instruction_obi_i                               cv32e40p_obi_interface                                      71     2245.690     326.097         634.413      8.781     19.757     1545.421       0.000       37.318    0.000         0.000      2571.787 
            prefetch_controller_i                           cv32e40p_prefetch_controller                               184     4579.187    1586.173        2460.819    125.126    105.370     1813.235       0.000       74.637    0.000         0.000      6165.361 
        load_store_unit_i                                   cv32e40p_load_store_unit                                   445     9138.618    4020.667        6322.176     26.342    250.253     2465.210       0.000       74.637    0.000         0.000     13159.285 
        sleep_unit_i                                        cv32e40p_sleep_unit                                          8      186.592      33.390          59.270      0.000      0.000       96.589      30.733        0.000    0.000         0.000       219.982 
          core_clock_gate_i                                 cv32e40p_clock_gate                                          2       41.709       6.085          10.976      0.000      0.000        0.000      30.733        0.000    0.000         0.000        47.794 
    i_bootram                                               bootram                                                    824    33648.026    5955.250        6521.939     26.342    197.568    26305.082       0.000      597.094    0.000         0.000     39603.275 
