============================================================
  Generated by:           Genus(TM) Synthesis Solution 19.17-s144_1
  Generated on:           Dec 11 2025  12:56:29 pm
  Module:                 cv32e40p_wrapper
  Library domain:         timing_tt_1p80v_25c
    Domain index:         0
    Technology libraries: tcb018gbwp7ttc 270
                          tpd018nvtc 280a
  Operating conditions:   NCCOM 
  Interconnect mode:      global
  Area mode:              physical library
============================================================

                          Instance                                                Module                        Cell Count  Cell Area   Net Area   Combinational    Buffer   Inverter      Flop      Latch   Clock-Gate   Memory     Macro    Total Area 
---------------------------------------------------------------------------------------------------------------------------------------------------------------------------------------------------------------------------------------------------------
cv32e40p_wrapper                                                                                                     36964 996927.629 398590.433      439086.099  4326.739  21583.206  463147.686  522.458    13061.440    0.000  55200.000  1395518.062 
  i_cv32e40p_xilinx                                         cv32e40p_xilinx                                          36956 941727.629 398518.348      439086.099  4326.739  21583.206  463147.686  522.458    13061.440    0.000      0.000  1340245.977 
    i_acc                                                   npu                                                       1334  36940.826  13123.455       19276.051    61.466   1047.110   15467.379  491.725      597.094    0.000      0.000    50064.281 
      PE_GEN[0].pe_conv_inst                                pe_unit_fcn                                                240   6008.262   2016.653        4548.454     0.000    263.424    1159.066    0.000       37.318    0.000      0.000     8024.915 
      PE_GEN[1].pe_conv_inst                                pe_unit_fcn_1                                              240   6008.262   2016.653        4548.454     0.000    263.424    1159.066    0.000       37.318    0.000      0.000     8024.915 
      PE_GEN[2].pe_conv_inst                                pe_unit_fcn_2                                              240   6003.872   2025.078        4563.821     0.000    243.667    1159.066    0.000       37.318    0.000      0.000     8028.950 
      conv_out_pack                                         pack                                                        52   1808.845    233.729         118.541     0.000     32.928    1508.102    0.000      149.274    0.000      0.000     2042.574 
      img                                                   cir_reg_img                                                 55   2195.200    276.168          21.952     8.781     19.757    2107.392    0.000       37.318    0.000      0.000     2471.368 
      weight                                                cir_reg_w                                                   72   2524.480    497.727         342.451    17.562     19.757    2107.392    0.000       37.318    0.000      0.000     3022.207 
    i_axi2acc                                               axi2mem_slave_AXI_BUS_Slave_4                              643  15421.280   6781.882        9742.298     0.000    625.632    4904.077    0.000      149.274    0.000      0.000    22203.162 
    i_axi2dsram                                             axi2mem_slave_AXI_BUS_Slave_3                              653  15581.530   7088.788        9884.986    96.589    546.605    4904.077    0.000      149.274    0.000      0.000    22670.317 
    i_axi2rom                                               axi2mem_slave_AXI_BUS_Slave_1                              644  15443.232   6799.825        9753.274     0.000    636.608    4904.077    0.000      149.274    0.000      0.000    22243.057 
    i_axi2sram                                              axi2mem_slave_AXI_BUS_Slave_2                              655  15632.019   7106.887        9977.184    87.808    513.677    4904.077    0.000      149.274    0.000      0.000    22738.906 
    i_axi_adapter_data                                      axi_adapter_1                                              185   4072.096   1335.126        1707.866    17.562    118.541    2116.173    0.000      111.955    0.000      0.000     5407.222 
    i_axi_adapter_dm                                        axi_adapter_2                                              181   4056.730   1296.119        1696.890     0.000    131.712    2116.173    0.000      111.955    0.000      0.000     5352.848 
    i_axi_adapter_instr                                     axi_adapter                                                 81   2511.309    343.884         313.914     0.000     65.856    2019.584    0.000      111.955    0.000      0.000     2855.193 
    i_axi_xbar                                              axi_xbar_intf_slv_ports_AXI_BUS_Slave_mst_ports_AX       10894 316802.483  99761.040       94536.288   522.458   5193.843  210093.811    0.000     6456.083    0.000      0.000   416563.523 
      i_xbar                                                axi_xbar                                                 10894 316802.483  99761.040       94536.288   522.458   5193.843  210093.811    0.000     6456.083    0.000      0.000   416563.523 
        gen_mst_port_mux[0].i_axi_mux                       axi_mux                                                   1087  34126.579   8501.771       10001.331    37.318    566.362   23036.429    0.000      485.139    0.000      0.000    42628.350 
          gen_mux.i_ar_arbiter                              rr_arb_tree_2                                              117   2399.354    961.596        1927.386     0.000    118.541     316.109    0.000       37.318    0.000      0.000     3360.950 
            gen_arbiter.gen_int_rr.gen_fair_arb.i_lzc_lower lzc_0_3                                                      3     30.733      0.000          30.733     0.000      0.000       0.000    0.000        0.000    0.000      0.000       30.733 
            gen_arbiter.gen_int_rr.gen_fair_arb.i_lzc_upper lzc_0_2                                                      2     15.366      0.000           8.781     0.000      6.586       0.000    0.000        0.000    0.000      0.000       15.366 
          gen_mux.i_ar_spill_reg                            spill_register_7                                           218   8012.480   1321.551        1372.000    28.538     39.514    6497.792    0.000       74.637    0.000      0.000     9334.031 
            spill_register_flushable_i                      spill_register_flushable_7                                 218   8012.480   1321.551        1372.000    28.538     39.514    6497.792    0.000       74.637    0.000      0.000     9334.031 
          gen_mux.i_aw_arbiter                              rr_arb_tree_1                                              129   2579.360   1045.539        2074.464     0.000    151.469     316.109    0.000       37.318    0.000      0.000     3624.899 
            gen_arbiter.gen_int_rr.gen_fair_arb.i_lzc_lower lzc_0_1                                                      3     30.733      0.000          30.733     0.000      0.000       0.000    0.000        0.000    0.000      0.000       30.733 
            gen_arbiter.gen_int_rr.gen_fair_arb.i_lzc_upper lzc_0                                                        2     15.366      0.000           8.781     0.000      6.586       0.000    0.000        0.000    0.000      0.000       15.366 
          gen_mux.i_aw_spill_reg                            spill_register_4                                           234   8688.602   1417.976        1490.541     0.000     46.099    7077.325    0.000       74.637    0.000      0.000    10106.578 
            spill_register_flushable_i                      spill_register_flushable_4                                 234   8688.602   1417.976        1490.541     0.000     46.099    7077.325    0.000       74.637    0.000      0.000    10106.578 
          gen_mux.i_b_spill_reg                             spill_register_6                                            33   1088.819    205.020         208.544     0.000      6.586     799.053    0.000       74.637    0.000      0.000     1293.839 
            spill_register_flushable_i                      spill_register_flushable_6                                  33   1088.819    205.020         208.544     0.000      6.586     799.053    0.000       74.637    0.000      0.000     1293.839 
          gen_mux.i_r_spill_reg                             spill_register_8                                           136   4956.762    826.633         860.518     8.781     26.342    3986.483    0.000       74.637    0.000      0.000     5783.394 
            spill_register_flushable_i                      spill_register_flushable_8                                 136   4956.762    826.633         860.518     8.781     26.342    3986.483    0.000       74.637    0.000      0.000     5783.394 
          gen_mux.i_w_fifo                                  fifo_v3_4                                                    9    283.181     36.198          30.733     0.000     13.171     201.958    0.000       37.318    0.000      0.000      319.379 
          gen_mux.i_w_spill_reg                             spill_register_5                                           131   4730.656    799.484         816.614     0.000     46.099    3793.306    0.000       74.637    0.000      0.000     5530.140 
            spill_register_flushable_i                      spill_register_flushable_5                                 131   4730.656    799.484         816.614     0.000     46.099    3793.306    0.000       74.637    0.000      0.000     5530.140 
        gen_mst_port_mux[1].i_axi_mux                       axi_mux_1                                                 1085  34113.408   8486.636       10003.526    54.880    533.434   23036.429    0.000      485.139    0.000      0.000    42600.044 
          gen_mux.i_ar_arbiter                              rr_arb_tree_2_1                                            117   2401.549    961.596        1927.386     8.781    111.955     316.109    0.000       37.318    0.000      0.000     3363.145 
            gen_arbiter.gen_int_rr.gen_fair_arb.i_lzc_lower lzc_0_7                                                      3     30.733      0.000          30.733     0.000      0.000       0.000    0.000        0.000    0.000      0.000       30.733 
            gen_arbiter.gen_int_rr.gen_fair_arb.i_lzc_upper lzc_0_6                                                      2     15.366      0.000           8.781     0.000      6.586       0.000    0.000        0.000    0.000      0.000       15.366 
          gen_mux.i_ar_spill_reg                            spill_register_7_1                                         216   8001.504   1309.381        1372.000    37.318     19.757    6497.792    0.000       74.637    0.000      0.000     9310.885 
            spill_register_flushable_i                      spill_register_flushable_7_1                               216   8001.504   1309.381        1372.000    37.318     19.757    6497.792    0.000       74.637    0.000      0.000     9310.885 
          gen_mux.i_aw_arbiter                              rr_arb_tree_1_1                                            129   2579.360   1045.539        2074.464     0.000    151.469     316.109    0.000       37.318    0.000      0.000     3624.899 
            gen_arbiter.gen_int_rr.gen_fair_arb.i_lzc_lower lzc_0_5                                                      3     30.733      0.000          30.733     0.000      0.000       0.000    0.000        0.000    0.000      0.000       30.733 
            gen_arbiter.gen_int_rr.gen_fair_arb.i_lzc_upper lzc_0_4                                                      2     15.366      0.000           8.781     0.000      6.586       0.000    0.000        0.000    0.000      0.000       15.366 
          gen_mux.i_aw_spill_reg                            spill_register_4_1                                         235   8697.382   1424.061        1492.736     0.000     52.685    7077.325    0.000       74.637    0.000      0.000    10121.443 
            spill_register_flushable_i                      spill_register_flushable_4_1                               235   8697.382   1424.061        1492.736     0.000     52.685    7077.325    0.000       74.637    0.000      0.000    10121.443 
          gen_mux.i_b_spill_reg                             spill_register_6_1                                          33   1088.819    205.020         208.544     0.000      6.586     799.053    0.000       74.637    0.000      0.000     1293.839 
            spill_register_flushable_i                      spill_register_flushable_6_1                                33   1088.819    205.020         208.544     0.000      6.586     799.053    0.000       74.637    0.000      0.000     1293.839 
          gen_mux.i_r_spill_reg                             spill_register_8_1                                         137   4961.152    832.718         858.323     8.781     32.928    3986.483    0.000       74.637    0.000      0.000     5793.870 
            spill_register_flushable_i                      spill_register_flushable_8_1                               137   4961.152    832.718         858.323     8.781     32.928    3986.483    0.000       74.637    0.000      0.000     5793.870 
          gen_mux.i_w_fifo                                  fifo_v3_4_1                                                  9    283.181     36.198          30.733     0.000     13.171     201.958    0.000       37.318    0.000      0.000      319.379 
          gen_mux.i_w_spill_reg                             spill_register_5_1                                         129   4715.290    784.349         821.005     0.000     26.342    3793.306    0.000       74.637    0.000      0.000     5499.639 
            spill_register_flushable_i                      spill_register_flushable_5_1                               129   4715.290    784.349         821.005     0.000     26.342    3793.306    0.000       74.637    0.000      0.000     5499.639 
        gen_mst_port_mux[2].i_axi_mux                       axi_mux_2                                                 1086  34146.336   8495.686       10005.722   136.102    482.944   23036.429    0.000      485.139    0.000      0.000    42642.022 
          gen_mux.i_ar_arbiter                              rr_arb_tree_2_2                                            120   2425.696    982.816        1929.581    17.562    125.126     316.109    0.000       37.318    0.000      0.000     3408.512 
            gen_arbiter.gen_int_rr.gen_fair_arb.i_lzc_lower lzc_0_11                                                     3     30.733      0.000          30.733     0.000      0.000       0.000    0.000        0.000    0.000      0.000       30.733 
            gen_arbiter.gen_int_rr.gen_fair_arb.i_lzc_upper lzc_0_10                                                     2     15.366      0.000           8.781     0.000      6.586       0.000    0.000        0.000    0.000      0.000       15.366 
          gen_mux.i_ar_spill_reg                            spill_register_7_2                                         217   8005.894   1315.466        1372.000    28.538     32.928    6497.792    0.000       74.637    0.000      0.000     9321.360 
            spill_register_flushable_i                      spill_register_flushable_7_2                               217   8005.894   1315.466        1372.000    28.538     32.928    6497.792    0.000       74.637    0.000      0.000     9321.360 
          gen_mux.i_aw_arbiter                              rr_arb_tree_1_2                                            128   2585.946   1039.454        2074.464    52.685    105.370     316.109    0.000       37.318    0.000      0.000     3625.399 
            gen_arbiter.gen_int_rr.gen_fair_arb.i_lzc_lower lzc_0_9                                                      3     30.733      0.000          30.733     0.000      0.000       0.000    0.000        0.000    0.000      0.000       30.733 
            gen_arbiter.gen_int_rr.gen_fair_arb.i_lzc_upper lzc_0_8                                                      2     15.366      0.000           8.781     0.000      6.586       0.000    0.000        0.000    0.000      0.000       15.366 
          gen_mux.i_aw_spill_reg                            spill_register_4_2                                         234   8695.187   1417.976        1490.541    19.757     32.928    7077.325    0.000       74.637    0.000      0.000    10113.163 
            spill_register_flushable_i                      spill_register_flushable_4_2                               234   8695.187   1417.976        1490.541    19.757     32.928    7077.325    0.000       74.637    0.000      0.000    10113.163 
          gen_mux.i_b_spill_reg                             spill_register_6_2                                          33   1088.819    205.020         208.544     0.000      6.586     799.053    0.000       74.637    0.000      0.000     1293.839 
            spill_register_flushable_i                      spill_register_flushable_6_2                                33   1088.819    205.020         208.544     0.000      6.586     799.053    0.000       74.637    0.000      0.000     1293.839 
          gen_mux.i_r_spill_reg                             spill_register_8_2                                         136   4958.957    826.633         860.518    17.562     19.757    3986.483    0.000       74.637    0.000      0.000     5785.589 
            spill_register_flushable_i                      spill_register_flushable_8_2                               136   4958.957    826.633         860.518    17.562     19.757    3986.483    0.000       74.637    0.000      0.000     5785.589 
          gen_mux.i_w_fifo                                  fifo_v3_4_2                                                  9    283.181     36.198          30.733     0.000     13.171     201.958    0.000       37.318    0.000      0.000      319.379 
          gen_mux.i_w_spill_reg                             spill_register_5_2                                         129   4715.290    784.349         818.810     0.000     28.538    3793.306    0.000       74.637    0.000      0.000     5499.639 
            spill_register_flushable_i                      spill_register_flushable_5_2                               129   4715.290    784.349         818.810     0.000     28.538    3793.306    0.000       74.637    0.000      0.000     5499.639 
        gen_mst_port_mux[3].i_axi_mux                       axi_mux_3                                                 1086  34124.384   8492.721       10001.331    81.222    520.262   23036.429    0.000      485.139    0.000      0.000    42617.105 
          gen_mux.i_ar_arbiter                              rr_arb_tree_2_3                                            116   2388.378    955.511        1922.995     0.000    111.955     316.109    0.000       37.318    0.000      0.000     3343.889 
            gen_arbiter.gen_int_rr.gen_fair_arb.i_lzc_lower lzc_0_15                                                     3     30.733      0.000          30.733     0.000      0.000       0.000    0.000        0.000    0.000      0.000       30.733 
            gen_arbiter.gen_int_rr.gen_fair_arb.i_lzc_upper lzc_0_14                                                     2     15.366      0.000           8.781     0.000      6.586       0.000    0.000        0.000    0.000      0.000       15.366 
          gen_mux.i_ar_spill_reg                            spill_register_7_3                                         218   8012.480   1321.551        1372.000    28.538     39.514    6497.792    0.000       74.637    0.000      0.000     9334.031 
            spill_register_flushable_i                      spill_register_flushable_7_3                               218   8012.480   1321.551        1372.000    28.538     39.514    6497.792    0.000       74.637    0.000      0.000     9334.031 
          gen_mux.i_aw_arbiter                              rr_arb_tree_1_3                                            129   2579.360   1045.539        2074.464     0.000    151.469     316.109    0.000       37.318    0.000      0.000     3624.899 
            gen_arbiter.gen_int_rr.gen_fair_arb.i_lzc_lower lzc_0_13                                                     3     30.733      0.000          30.733     0.000      0.000       0.000    0.000        0.000    0.000      0.000       30.733 
            gen_arbiter.gen_int_rr.gen_fair_arb.i_lzc_upper lzc_0_12                                                     2     15.366      0.000           8.781     0.000      6.586       0.000    0.000        0.000    0.000      0.000       15.366 
          gen_mux.i_aw_spill_reg                            spill_register_4_3                                         235   8699.578   1424.061        1492.736     8.781     46.099    7077.325    0.000       74.637    0.000      0.000    10123.639 
            spill_register_flushable_i                      spill_register_flushable_4_3                               235   8699.578   1424.061        1492.736     8.781     46.099    7077.325    0.000       74.637    0.000      0.000    10123.639 
          gen_mux.i_b_spill_reg                             spill_register_6_3                                          33   1088.819    205.020         208.544     0.000      6.586     799.053    0.000       74.637    0.000      0.000     1293.839 
            spill_register_flushable_i                      spill_register_flushable_6_3                                33   1088.819    205.020         208.544     0.000      6.586     799.053    0.000       74.637    0.000      0.000     1293.839 
          gen_mux.i_r_spill_reg                             spill_register_8_3                                         137   4961.152    832.718         858.323     8.781     32.928    3986.483    0.000       74.637    0.000      0.000     5793.870 
            spill_register_flushable_i                      spill_register_flushable_8_3                               137   4961.152    832.718         858.323     8.781     32.928    3986.483    0.000       74.637    0.000      0.000     5793.870 
          gen_mux.i_w_fifo                                  fifo_v3_4_3                                                  9    283.181     36.198          30.733     0.000     13.171     201.958    0.000       37.318    0.000      0.000      319.379 
          gen_mux.i_w_spill_reg                             spill_register_5_3                                         129   4713.094    784.349         818.810     0.000     26.342    3793.306    0.000       74.637    0.000      0.000     5497.444 
            spill_register_flushable_i                      spill_register_flushable_5_3                               129   4713.094    784.349         818.810     0.000     26.342    3793.306    0.000       74.637    0.000      0.000     5497.444 
        gen_mst_port_mux[4].i_axi_mux                       axi_mux_4                                                 1083  34111.213   8477.431       10016.698    46.099    526.848   23036.429    0.000      485.139    0.000      0.000    42588.643 
          gen_mux.i_ar_arbiter                              rr_arb_tree_2_4                                            117   2401.549    961.596        1936.166     0.000    111.955     316.109    0.000       37.318    0.000      0.000     3363.145 
            gen_arbiter.gen_int_rr.gen_fair_arb.i_lzc_lower lzc_0_19                                                     3     30.733      0.000          30.733     0.000      0.000       0.000    0.000        0.000    0.000      0.000       30.733 
            gen_arbiter.gen_int_rr.gen_fair_arb.i_lzc_upper lzc_0_18                                                     2     15.366      0.000           8.781     0.000      6.586       0.000    0.000        0.000    0.000      0.000       15.366 
          gen_mux.i_ar_spill_reg                            spill_register_7_4                                         216   7999.309   1309.381        1372.000    28.538     26.342    6497.792    0.000       74.637    0.000      0.000     9308.690 
            spill_register_flushable_i                      spill_register_flushable_7_4                               216   7999.309   1309.381        1372.000    28.538     26.342    6497.792    0.000       74.637    0.000      0.000     9308.690 
          gen_mux.i_aw_arbiter                              rr_arb_tree_1_4                                            129   2579.360   1045.539        2074.464     0.000    151.469     316.109    0.000       37.318    0.000      0.000     3624.899 
            gen_arbiter.gen_int_rr.gen_fair_arb.i_lzc_lower lzc_0_17                                                     3     30.733      0.000          30.733     0.000      0.000       0.000    0.000        0.000    0.000      0.000       30.733 
            gen_arbiter.gen_int_rr.gen_fair_arb.i_lzc_upper lzc_0_16                                                     2     15.366      0.000           8.781     0.000      6.586       0.000    0.000        0.000    0.000      0.000       15.366 
          gen_mux.i_aw_spill_reg                            spill_register_4_4                                         235   8697.382   1424.061        1492.736     0.000     52.685    7077.325    0.000       74.637    0.000      0.000    10121.443 
            spill_register_flushable_i                      spill_register_flushable_4_4                               235   8697.382   1424.061        1492.736     0.000     52.685    7077.325    0.000       74.637    0.000      0.000    10121.443 
          gen_mux.i_b_spill_reg                             spill_register_6_4                                          33   1088.819    205.020         208.544     0.000      6.586     799.053    0.000       74.637    0.000      0.000     1293.839 
            spill_register_flushable_i                      spill_register_flushable_6_4                                33   1088.819    205.020         208.544     0.000      6.586     799.053    0.000       74.637    0.000      0.000     1293.839 
          gen_mux.i_r_spill_reg                             spill_register_8_4                                         136   4958.957    826.633         860.518    17.562     19.757    3986.483    0.000       74.637    0.000      0.000     5785.589 
            spill_register_flushable_i                      spill_register_flushable_8_4                               136   4958.957    826.633         860.518    17.562     19.757    3986.483    0.000       74.637    0.000      0.000     5785.589 
          gen_mux.i_w_fifo                                  fifo_v3_4_4                                                  9    283.181     36.198          30.733     0.000     13.171     201.958    0.000       37.318    0.000      0.000      319.379 
          gen_mux.i_w_spill_reg                             spill_register_5_4                                         129   4715.290    784.349         821.005     0.000     26.342    3793.306    0.000       74.637    0.000      0.000     5499.639 
            spill_register_flushable_i                      spill_register_flushable_5_4                               129   4715.290    784.349         821.005     0.000     26.342    3793.306    0.000       74.637    0.000      0.000     5499.639 
        gen_slv_port_demux[0].i_axi_ar_decode               addr_decode_1                                               18    210.739     99.857         197.568     0.000     13.171       0.000    0.000        0.000    0.000      0.000      310.597 
        gen_slv_port_demux[0].i_axi_aw_decode               addr_decode                                                 18    210.739     99.857         197.568     0.000     13.171       0.000    0.000        0.000    0.000      0.000      310.597 
        gen_slv_port_demux[0].i_axi_demux                   axi_demux                                                 1391  38062.573  10511.402       11114.298    43.904    625.632   25420.416    0.000      858.323    0.000      0.000    48573.975 
          gen_demux.gen_ar_id_counter.i_ar_id_counter       axi_demux_id_counters_1                                     95   2175.443    736.761         915.398     0.000     65.856    1044.915    0.000      149.274    0.000      0.000     2912.204 
            gen_counters[0].i_in_flight_cnt                 delta_counter_4                                              7    173.421     33.390          57.075     0.000      6.586     109.760    0.000        0.000    0.000      0.000      206.811 
            gen_counters[1].i_in_flight_cnt                 delta_counter_5                                              7    173.421     33.390          57.075     0.000      6.586     109.760    0.000        0.000    0.000      0.000      206.811 
            gen_counters[2].i_in_flight_cnt                 delta_counter_6                                              7    173.421     33.390          57.075     0.000      6.586     109.760    0.000        0.000    0.000      0.000      206.811 
            gen_counters[3].i_in_flight_cnt                 delta_counter_7                                              7    173.421     33.390          57.075     0.000      6.586     109.760    0.000        0.000    0.000      0.000      206.811 
          gen_demux.gen_aw_id_counter.i_aw_id_counter       axi_demux_id_counters                                       81   1944.947    584.010         643.194     0.000    111.955    1040.525    0.000      149.274    0.000      0.000     2528.957 
            gen_counters[0].i_in_flight_cnt                 delta_counter                                                6    164.640     27.305          48.294     0.000      6.586     109.760    0.000        0.000    0.000      0.000      191.945 
            gen_counters[1].i_in_flight_cnt                 delta_counter_1                                              6    164.640     27.305          48.294     0.000      6.586     109.760    0.000        0.000    0.000      0.000      191.945 
            gen_counters[2].i_in_flight_cnt                 delta_counter_2                                              6    164.640     27.305          48.294     0.000      6.586     109.760    0.000        0.000    0.000      0.000      191.945 
            gen_counters[3].i_in_flight_cnt                 delta_counter_3                                              6    164.640     27.305          48.294     0.000      6.586     109.760    0.000        0.000    0.000      0.000      191.945 
          gen_demux.i_ar_spill_reg                          spill_register_2                                           219   8109.069   1327.480        1391.757     8.781     39.514    6594.381    0.000       74.637    0.000      0.000     9436.549 
            spill_register_flushable_i                      spill_register_flushable_2                                 219   8109.069   1327.480        1391.757     8.781     39.514    6594.381    0.000       74.637    0.000      0.000     9436.549 
          gen_demux.i_aw_spill_reg                          spill_register                                             238   8815.923   1442.160        1512.493     8.781     46.099    7173.914    0.000       74.637    0.000      0.000    10258.083 
            spill_register_flushable_i                      spill_register_flushable                                   238   8815.923   1442.160        1512.493     8.781     46.099    7173.914    0.000       74.637    0.000      0.000    10258.083 
          gen_demux.i_b_mux                                 rr_arb_tree                                                105   1692.499    885.299        1055.891     0.000     39.514     522.458    0.000       74.637    0.000      0.000     2577.798 
            gen_arbiter.gen_int_rr.gen_fair_arb.i_lzc_lower lzc_1                                                        9    103.174     39.319         103.174     0.000      0.000       0.000    0.000        0.000    0.000      0.000      142.493 
            gen_arbiter.gen_int_rr.gen_fair_arb.i_lzc_upper lzc                                                          9     92.198     39.319          92.198     0.000      0.000       0.000    0.000        0.000    0.000      0.000      131.517 
          gen_demux.i_b_spill_reg                           spill_register_1                                            27    856.128    168.822         169.030     0.000      6.586     605.875    0.000       74.637    0.000      0.000     1024.950 
            spill_register_flushable_i                      spill_register_flushable_1                                  27    856.128    168.822         169.030     0.000      6.586     605.875    0.000       74.637    0.000      0.000     1024.950 
          gen_demux.i_r_mux                                 rr_arb_tree_0                                              258   3496.954   2202.481        2713.267     8.781    177.811     522.458    0.000       74.637    0.000      0.000     5699.435 
            gen_arbiter.gen_int_rr.gen_fair_arb.i_lzc_lower lzc_3                                                        9    103.174     39.319         103.174     0.000      0.000       0.000    0.000        0.000    0.000      0.000      142.493 
            gen_arbiter.gen_int_rr.gen_fair_arb.i_lzc_upper lzc_2                                                        9     92.198     39.319          92.198     0.000      0.000       0.000    0.000        0.000    0.000      0.000      131.517 
          gen_demux.i_r_spill_reg                           spill_register_3                                           129   4713.094    784.349         818.810     0.000     26.342    3793.306    0.000       74.637    0.000      0.000     5497.444 
            spill_register_flushable_i                      spill_register_flushable_3                                 129   4713.094    784.349         818.810     0.000     26.342    3793.306    0.000       74.637    0.000      0.000     5497.444 
          gen_demux.i_w_fifo                                fifo_v3                                                      9    309.523     30.113          26.342     0.000     13.171     232.691    0.000       37.318    0.000      0.000      339.636 
          gen_demux.i_w_spill_reg                           spill_register_0                                           130   4721.875    790.434         821.005     0.000     32.928    3793.306    0.000       74.637    0.000      0.000     5512.309 
            spill_register_flushable_i                      spill_register_flushable_0                                 130   4721.875    790.434         821.005     0.000     32.928    3793.306    0.000       74.637    0.000      0.000     5512.309 
        gen_slv_port_demux[0].i_axi_err_slv                 axi_err_slv                                                392  10187.923   3544.160        3264.262    17.562    217.325    6203.635    0.000      485.139    0.000      0.000    13732.083 
          genblk1.i_atop_filter                             axi_atop_filter                                            139   3104.013   1172.077        1202.970    17.562    118.541    1615.667    0.000      149.274    0.000      0.000     4276.090 
            r_resp_cmd                                      stream_register                                             18    651.974     78.170          48.294     0.000     26.342     540.019    0.000       37.318    0.000      0.000      730.144 
              i_fifo                                        fifo_v2                                                     14    616.851     44.936          26.342     0.000     13.171     540.019    0.000       37.318    0.000      0.000      661.787 
                i_fifo_v3                                   fifo_v3_0                                                   14    616.851     44.936          26.342     0.000     13.171     540.019    0.000       37.318    0.000      0.000      661.787 
          i_b_fifo                                          fifo_v3_2                                                   29    757.344    214.069         223.910     0.000     19.757     439.040    0.000       74.637    0.000      0.000      971.413 
          i_r_counter                                       counter                                                     44    893.446    266.339         421.478     0.000      0.000     434.650    0.000       37.318    0.000      0.000     1159.785 
            i_counter                                       delta_counter_0                                             44    893.446    260.254         421.478     0.000      0.000     434.650    0.000       37.318    0.000      0.000     1153.700 
          i_r_fifo                                          fifo_v3_3                                                  101   3663.789    867.356         722.221     0.000     19.757    2809.856    0.000      111.955    0.000      0.000     4531.144 
          i_w_fifo                                          fifo_v3_1                                                   60   1527.859    500.692         540.019     0.000     32.928     842.957    0.000      111.955    0.000      0.000     2028.551 
        gen_slv_port_demux[1].i_axi_ar_decode               addr_decode_3                                               18    210.739     99.857         197.568     0.000     13.171       0.000    0.000        0.000    0.000      0.000      310.597 
        gen_slv_port_demux[1].i_axi_aw_decode               addr_decode_2                                               18    210.739     99.857         197.568     0.000     13.171       0.000    0.000        0.000    0.000      0.000      310.597 
        gen_slv_port_demux[1].i_axi_demux                   axi_demux_1                                               1385  38034.035  10454.140       11125.274    52.685    579.533   25418.221    0.000      858.323    0.000      0.000    48488.176 
          gen_demux.gen_ar_id_counter.i_ar_id_counter       axi_demux_id_counters_3                                     95   2175.443    736.761         915.398     0.000     65.856    1044.915    0.000      149.274    0.000      0.000     2912.204 
            gen_counters[0].i_in_flight_cnt                 delta_counter_12                                             7    173.421     33.390          57.075     0.000      6.586     109.760    0.000        0.000    0.000      0.000      206.811 
            gen_counters[1].i_in_flight_cnt                 delta_counter_13                                             7    173.421     33.390          57.075     0.000      6.586     109.760    0.000        0.000    0.000      0.000      206.811 
            gen_counters[2].i_in_flight_cnt                 delta_counter_14                                             7    173.421     33.390          57.075     0.000      6.586     109.760    0.000        0.000    0.000      0.000      206.811 
            gen_counters[3].i_in_flight_cnt                 delta_counter_15                                             7    173.421     33.390          57.075     0.000      6.586     109.760    0.000        0.000    0.000      0.000      206.811 
          gen_demux.gen_aw_id_counter.i_aw_id_counter       axi_demux_id_counters_2                                     80   1931.776    577.925         638.803     0.000    105.370    1038.330    0.000      149.274    0.000      0.000     2509.701 
            gen_counters[0].i_in_flight_cnt                 delta_counter_8                                              6    164.640     27.305          48.294     0.000      6.586     109.760    0.000        0.000    0.000      0.000      191.945 
            gen_counters[1].i_in_flight_cnt                 delta_counter_9                                              6    164.640     27.305          48.294     0.000      6.586     109.760    0.000        0.000    0.000      0.000      191.945 
            gen_counters[2].i_in_flight_cnt                 delta_counter_10                                             6    164.640     27.305          48.294     0.000      6.586     109.760    0.000        0.000    0.000      0.000      191.945 
            gen_counters[3].i_in_flight_cnt                 delta_counter_11                                             6    164.640     27.305          48.294     0.000      6.586     109.760    0.000        0.000    0.000      0.000      191.945 
          gen_demux.i_ar_spill_reg                          spill_register_2_1                                         219   8111.264   1327.480        1393.952     8.781     39.514    6594.381    0.000       74.637    0.000      0.000     9438.744 
            spill_register_flushable_i                      spill_register_flushable_2_1                               219   8111.264   1327.480        1393.952     8.781     39.514    6594.381    0.000       74.637    0.000      0.000     9438.744 
          gen_demux.i_aw_spill_reg                          spill_register_9                                           237   8811.533   1436.075        1512.493    17.562     32.928    7173.914    0.000       74.637    0.000      0.000    10247.608 
            spill_register_flushable_i                      spill_register_flushable_9                                 237   8811.533   1436.075        1512.493    17.562     32.928    7173.914    0.000       74.637    0.000      0.000    10247.608 
          gen_demux.i_b_mux                                 rr_arb_tree_3                                              105   1692.499    885.299        1055.891     0.000     39.514     522.458    0.000       74.637    0.000      0.000     2577.798 
            gen_arbiter.gen_int_rr.gen_fair_arb.i_lzc_lower lzc_5                                                        9    103.174     39.319         103.174     0.000      0.000       0.000    0.000        0.000    0.000      0.000      142.493 
            gen_arbiter.gen_int_rr.gen_fair_arb.i_lzc_upper lzc_4                                                        9     92.198     39.319          92.198     0.000      0.000       0.000    0.000        0.000    0.000      0.000      131.517 
          gen_demux.i_b_spill_reg                           spill_register_1_1                                          27    856.128    168.822         169.030     0.000      6.586     605.875    0.000       74.637    0.000      0.000     1024.950 
            spill_register_flushable_i                      spill_register_flushable_1_1                                27    856.128    168.822         169.030     0.000      6.586     605.875    0.000       74.637    0.000      0.000     1024.950 
          gen_demux.i_r_mux                                 rr_arb_tree_0_1                                            261   3543.053   2220.736        2779.123     8.781    158.054     522.458    0.000       74.637    0.000      0.000     5763.789 
            gen_arbiter.gen_int_rr.gen_fair_arb.i_lzc_lower lzc_7                                                        9    103.174     39.319         103.174     0.000      0.000       0.000    0.000        0.000    0.000      0.000      142.493 
            gen_arbiter.gen_int_rr.gen_fair_arb.i_lzc_upper lzc_6                                                        9     92.198     39.319          92.198     0.000      0.000       0.000    0.000        0.000    0.000      0.000      131.517 
          gen_demux.i_r_spill_reg                           spill_register_3_1                                         130   4721.875    790.434         821.005     0.000     32.928    3793.306    0.000       74.637    0.000      0.000     5512.309 
            spill_register_flushable_i                      spill_register_flushable_3_1                               130   4721.875    790.434         821.005     0.000     32.928    3793.306    0.000       74.637    0.000      0.000     5512.309 
          gen_demux.i_w_fifo                                fifo_v3_5                                                    9    309.523     30.113          26.342     0.000     13.171     232.691    0.000       37.318    0.000      0.000      339.636 
          gen_demux.i_w_spill_reg                           spill_register_0_1                                         130   4721.875    790.434         821.005     0.000     32.928    3793.306    0.000       74.637    0.000      0.000     5512.309 
            spill_register_flushable_i                      spill_register_flushable_0_1                               130   4721.875    790.434         821.005     0.000     32.928    3793.306    0.000       74.637    0.000      0.000     5512.309 
        gen_slv_port_demux[1].i_axi_err_slv                 axi_err_slv_1                                              393  10179.142   3514.671        3259.872     0.000    230.496    6203.635    0.000      485.139    0.000      0.000    13693.813 
          genblk1.i_atop_filter                             axi_atop_filter_1                                          138   3088.646   1133.382        1205.165     0.000    118.541    1615.667    0.000      149.274    0.000      0.000     4222.029 
            r_resp_cmd                                      stream_register_1                                           18    651.974     78.170          48.294     0.000     26.342     540.019    0.000       37.318    0.000      0.000      730.144 
              i_fifo                                        fifo_v2_1                                                   14    616.851     44.936          26.342     0.000     13.171     540.019    0.000       37.318    0.000      0.000      661.787 
                i_fifo_v3                                   fifo_v3_0_1                                                 14    616.851     44.936          26.342     0.000     13.171     540.019    0.000       37.318    0.000      0.000      661.787 
          i_b_fifo                                          fifo_v3_2_1                                                 29    757.344    214.069         223.910     0.000     19.757     439.040    0.000       74.637    0.000      0.000      971.413 
          i_r_counter                                       counter_1                                                   44    893.446    266.339         421.478     0.000      0.000     434.650    0.000       37.318    0.000      0.000     1159.785 
            i_counter                                       delta_counter_0_1                                           44    893.446    260.254         421.478     0.000      0.000     434.650    0.000       37.318    0.000      0.000     1153.700 
          i_r_fifo                                          fifo_v3_3_1                                                104   3676.960    891.540         722.221     0.000     32.928    2809.856    0.000      111.955    0.000      0.000     4568.500 
          i_w_fifo                                          fifo_v3_1_1                                                 60   1527.859    500.692         540.019     0.000     32.928     842.957    0.000      111.955    0.000      0.000     2028.551 
        gen_slv_port_demux[2].i_axi_ar_decode               addr_decode_5                                               18    210.739     99.857         197.568     0.000     13.171       0.000    0.000        0.000    0.000      0.000      310.597 
        gen_slv_port_demux[2].i_axi_aw_decode               addr_decode_4                                               18    210.739     99.857         197.568     0.000     13.171       0.000    0.000        0.000    0.000      0.000      310.597 
        gen_slv_port_demux[2].i_axi_demux                   axi_demux_2                                               1388  38088.915  10507.970       11175.763    43.904    588.314   25422.611    0.000      858.323    0.000      0.000    48596.885 
          gen_demux.gen_ar_id_counter.i_ar_id_counter       axi_demux_id_counters_5                                     95   2175.443    736.761         915.398     0.000     65.856    1044.915    0.000      149.274    0.000      0.000     2912.204 
            gen_counters[0].i_in_flight_cnt                 delta_counter_20                                             7    173.421     33.390          57.075     0.000      6.586     109.760    0.000        0.000    0.000      0.000      206.811 
            gen_counters[1].i_in_flight_cnt                 delta_counter_21                                             7    173.421     33.390          57.075     0.000      6.586     109.760    0.000        0.000    0.000      0.000      206.811 
            gen_counters[2].i_in_flight_cnt                 delta_counter_22                                             7    173.421     33.390          57.075     0.000      6.586     109.760    0.000        0.000    0.000      0.000      206.811 
            gen_counters[3].i_in_flight_cnt                 delta_counter_23                                             7    173.421     33.390          57.075     0.000      6.586     109.760    0.000        0.000    0.000      0.000      206.811 
          gen_demux.gen_aw_id_counter.i_aw_id_counter       axi_demux_id_counters_4                                     81   1949.338    584.010         645.389     0.000    111.955    1042.720    0.000      149.274    0.000      0.000     2533.348 
            gen_counters[0].i_in_flight_cnt                 delta_counter_16                                             6    164.640     27.305          48.294     0.000      6.586     109.760    0.000        0.000    0.000      0.000      191.945 
            gen_counters[1].i_in_flight_cnt                 delta_counter_17                                             6    164.640     27.305          48.294     0.000      6.586     109.760    0.000        0.000    0.000      0.000      191.945 
            gen_counters[2].i_in_flight_cnt                 delta_counter_18                                             6    164.640     27.305          48.294     0.000      6.586     109.760    0.000        0.000    0.000      0.000      191.945 
            gen_counters[3].i_in_flight_cnt                 delta_counter_19                                             6    164.640     27.305          48.294     0.000      6.586     109.760    0.000        0.000    0.000      0.000      191.945 
          gen_demux.i_ar_spill_reg                          spill_register_2_2                                         220   8115.654   1333.565        1393.952     0.000     52.685    6594.381    0.000       74.637    0.000      0.000     9449.220 
            spill_register_flushable_i                      spill_register_flushable_2_2                               220   8115.654   1333.565        1393.952     0.000     52.685    6594.381    0.000       74.637    0.000      0.000     9449.220 
          gen_demux.i_aw_spill_reg                          spill_register_10                                          238   8818.118   1442.160        1512.493    17.562     39.514    7173.914    0.000       74.637    0.000      0.000    10260.279 
            spill_register_flushable_i                      spill_register_flushable_10                                238   8818.118   1442.160        1512.493    17.562     39.514    7173.914    0.000       74.637    0.000      0.000    10260.279 
          gen_demux.i_b_mux                                 rr_arb_tree_4                                              104   1694.694    882.178        1058.086     0.000     39.514     522.458    0.000       74.637    0.000      0.000     2576.873 
            gen_arbiter.gen_int_rr.gen_fair_arb.i_lzc_lower lzc_9                                                        9    103.174     39.319         103.174     0.000      0.000       0.000    0.000        0.000    0.000      0.000      142.493 
            gen_arbiter.gen_int_rr.gen_fair_arb.i_lzc_upper lzc_8                                                        9     92.198     39.319          92.198     0.000      0.000       0.000    0.000        0.000    0.000      0.000      131.517 
          gen_demux.i_b_spill_reg                           spill_register_1_2                                          27    856.128    168.822         169.030     0.000      6.586     605.875    0.000       74.637    0.000      0.000     1024.950 
            spill_register_flushable_i                      spill_register_flushable_1_2                                27    856.128    168.822         169.030     0.000      6.586     605.875    0.000       74.637    0.000      0.000     1024.950 
          gen_demux.i_r_mux                                 rr_arb_tree_0_2                                            255   3496.954   2199.049        2759.366     8.781    131.712     522.458    0.000       74.637    0.000      0.000     5696.002 
            gen_arbiter.gen_int_rr.gen_fair_arb.i_lzc_lower lzc_11                                                       9    103.174     39.319         103.174     0.000      0.000       0.000    0.000        0.000    0.000      0.000      142.493 
            gen_arbiter.gen_int_rr.gen_fair_arb.i_lzc_upper lzc_10                                                       9     92.198     39.319          92.198     0.000      0.000       0.000    0.000        0.000    0.000      0.000      131.517 
          gen_demux.i_r_spill_reg                           spill_register_3_2                                         129   4715.290    784.349         818.810     0.000     28.538    3793.306    0.000       74.637    0.000      0.000     5499.639 
            spill_register_flushable_i                      spill_register_flushable_3_2                               129   4715.290    784.349         818.810     0.000     28.538    3793.306    0.000       74.637    0.000      0.000     5499.639 
          gen_demux.i_w_fifo                                fifo_v3_6                                                    9    311.718     30.113          28.538     0.000     13.171     232.691    0.000       37.318    0.000      0.000      341.832 
          gen_demux.i_w_spill_reg                           spill_register_0_2                                         130   4721.875    790.434         821.005     0.000     32.928    3793.306    0.000       74.637    0.000      0.000     5512.309 
            spill_register_flushable_i                      spill_register_flushable_0_2                               130   4721.875    790.434         821.005     0.000     32.928    3793.306    0.000       74.637    0.000      0.000     5512.309 
        gen_slv_port_demux[2].i_axi_err_slv                 axi_err_slv_2                                              392  10165.971   3553.053        3185.235     8.781    243.667    6243.149    0.000      485.139    0.000      0.000    13719.025 
          genblk1.i_atop_filter                             axi_atop_filter_2                                          140   3086.451   1187.056        1187.603     8.781    125.126    1615.667    0.000      149.274    0.000      0.000     4273.507 
            r_resp_cmd                                      stream_register_2                                           18    651.974     78.170          48.294     0.000     26.342     540.019    0.000       37.318    0.000      0.000      730.144 
              i_fifo                                        fifo_v2_2                                                   14    616.851     44.936          26.342     0.000     13.171     540.019    0.000       37.318    0.000      0.000      661.787 
                i_fifo_v3                                   fifo_v3_0_2                                                 14    616.851     44.936          26.342     0.000     13.171     540.019    0.000       37.318    0.000      0.000      661.787 
          i_b_fifo                                          fifo_v3_2_2                                                 29    757.344    214.069         223.910     0.000     19.757     439.040    0.000       74.637    0.000      0.000      971.413 
          i_r_counter                                       counter_2                                                   44    893.446    266.339         421.478     0.000      0.000     434.650    0.000       37.318    0.000      0.000     1159.785 
            i_counter                                       delta_counter_0_2                                           44    893.446    260.254         421.478     0.000      0.000     434.650    0.000       37.318    0.000      0.000     1153.700 
          i_r_fifo                                          fifo_v3_3_2                                                101   3659.398    870.320         651.974     0.000     46.099    2849.370    0.000      111.955    0.000      0.000     4529.719 
          i_w_fifo                                          fifo_v3_1_2                                                 59   1527.859    494.607         546.605     0.000     26.342     842.957    0.000      111.955    0.000      0.000     2022.466 
    i_bootram                                               bootram                                                    827  33663.392   5955.718        6526.330    70.246    164.640   26305.082    0.000      597.094    0.000      0.000    39619.110 
    i_dm_axi2mem                                            axi2mem_slave_AXI_BUS_Slave                                729  16525.466   7954.583       10800.384    26.342    645.389    4904.077    0.000      149.274    0.000      0.000    24480.049 
    i_dm_top                                                dm_top                                                    3241  70136.640  29027.629       33178.253   397.331   2072.269   33667.782    0.000      821.005    0.000      0.000    99164.269 
      i_dm_csrs                                             dm_csrs                                                   2411  55229.037  17133.357       22632.512   344.646   1611.277   29931.552    0.000      709.050    0.000      0.000    72362.393 
        i_fifo                                              fifo_v2_0                                                  155   5678.982   1325.920        1332.486    70.246    109.760    4091.853    0.000       74.637    0.000      0.000     7004.902 
          i_fifo_v3                                         fifo_v3_7                                                  155   5678.982   1310.941        1332.486    70.246    109.760    4091.853    0.000       74.637    0.000      0.000     6989.924 
      i_dm_mem                                              dm_mem                                                     708  12304.096   6686.081        8183.706    52.685    401.722    3591.347    0.000       74.637    0.000      0.000    18990.177 
        gen_rom_snd_scratch.i_debug_rom                     debug_rom                                                  116   1512.493    848.476        1198.579     0.000     65.856     210.739    0.000       37.318    0.000      0.000     2360.969 
      i_dm_sba                                              dm_sba                                                     122   2603.507    892.008        2362.035     0.000     59.270     144.883    0.000       37.318    0.000      0.000     3495.515 
    i_dmi_jtag                                              dmi_jtag                                                   641  20301.210   5017.057        2939.373    17.562    362.208   16459.610    0.000      522.458    0.000      0.000    25318.267 
      i_dmi_cdc                                             dmi_cdc                                                    194   8453.715    719.598         250.253     8.781    109.760    7935.648    0.000      149.274    0.000      0.000     9173.313 
        i_cdc_req                                           cdc_2phase                                                 108   4638.458    409.884         171.226     8.781     83.418    4300.397    0.000       74.637    0.000      0.000     5048.341 
          i_dst                                             cdc_2phase_dst                                              58   2425.696    105.943         140.493     8.781     63.661    2175.443    0.000       37.318    0.000      0.000     2531.639 
          i_src                                             cdc_2phase_src                                              49   2206.176     30.425          30.733     0.000     13.171    2124.954    0.000       37.318    0.000      0.000     2236.601 
        i_cdc_resp                                          cdc_2phase_0                                                85   3808.672    309.714          79.027     0.000     19.757    3635.251    0.000       74.637    0.000      0.000     4118.386 
          i_dst                                             cdc_2phase_dst_0                                            44   1947.142     51.489          48.294     0.000     13.171    1848.358    0.000       37.318    0.000      0.000     1998.631 
          i_src                                             cdc_2phase_src_0                                            41   1861.530     24.340          30.733     0.000      6.586    1786.893    0.000       37.318    0.000      0.000     1885.870 
      i_dmi_jtag_tap                                        dmi_jtag_tap                                               229   5841.427   1880.129        1470.784     8.781    118.541    4019.411    0.000      223.910    0.000      0.000     7721.556 
        i_tck_inv                                           cluster_clock_inverter                                       1      6.586      0.000           0.000     0.000      6.586       0.000    0.000        0.000    0.000      0.000        6.586 
          i_tc_clk_inverter                                 tc_clk_inverter                                              1      6.586      0.000           0.000     0.000      6.586       0.000    0.000        0.000    0.000      0.000        6.586 
    i_ri5cy                                                 cv32e40p_top                                             16020 368121.869 188740.594      225708.269  3029.376   9393.261  126974.758   30.733     2985.472    0.000      0.000   556862.463 
      core_i                                                cv32e40p_core                                            16020 368121.869 188626.694      225708.269  3029.376   9393.261  126974.758   30.733     2985.472    0.000      0.000   556748.563 
        cs_registers_i                                      cv32e40p_cs_registers                                     1249  35619.315  11955.435       13379.744   166.835    526.848   20948.794    0.000      597.094    0.000      0.000    47574.750 
        ex_stage_i                                          cv32e40p_ex_stage                                         7519 155101.856  83698.655      142975.571  1106.381   4939.200    5856.794    0.000      223.910    0.000      0.000   238800.511 
          alu_i                                             cv32e40p_alu                                              3209  53538.733  35629.924       45458.202   439.040   2206.176    5286.042    0.000      149.274    0.000      0.000    89168.656 
            alu_div_i                                       cv32e40p_alu_div                                           601  14060.256   5775.974        8203.462    26.342    395.136    5286.042    0.000      149.274    0.000      0.000    19836.230 
            ff_one_i                                        cv32e40p_ff_one                                             60    684.902    399.742         651.974     0.000     32.928       0.000    0.000        0.000    0.000      0.000     1084.644 
            popcnt_i                                        cv32e40p_popcnt                                             31   1477.370    340.764        1477.370     0.000      0.000       0.000    0.000        0.000    0.000      0.000     1818.133 
          mult_i                                            cv32e40p_mult                                             4251 100226.246  47261.290       96650.266   632.218   2686.925     219.520    0.000       37.318    0.000      0.000   147487.536 
        id_stage_i                                          cv32e40p_id_stage                                         5561 138016.614  60211.711       48827.834  1519.078   3090.842   82787.578    0.000     1791.283    0.000      0.000   198228.325 
          controller_i                                      cv32e40p_controller                                        271   3712.083   2103.092        2684.730     8.781    237.082     669.536    0.000      111.955    0.000      0.000     5815.175 
          decoder_i                                         cv32e40p_decoder                                           263   3062.304   2114.482        2910.835     0.000    151.469       0.000    0.000        0.000    0.000      0.000     5176.786 
          register_file_i                                   cv32e40p_register_file                                    3609  94422.138  42938.866       29066.643  1220.531   2004.218   60973.875    0.000     1156.870    0.000      0.000   137361.004 
        if_stage_i                                          cv32e40p_if_stage                                         1202  29683.494  11138.632       13880.250    79.027    605.875   14819.795    0.000      298.547    0.000      0.000    40822.127 
          aligner_i                                         cv32e40p_aligner                                           272   7803.936   2203.417        3499.149    35.123    125.126    4069.901    0.000       74.637    0.000      0.000    10007.353 
          compressed_decoder_i                              cv32e40p_compressed_decoder                                190   2225.933   1699.449        2087.635     0.000    138.298       0.000    0.000        0.000    0.000      0.000     3925.382 
          prefetch_buffer_i                                 cv32e40p_prefetch_buffer                                   423  12552.154   3563.507        4609.920    43.904    210.739    7500.998    0.000      186.592    0.000      0.000    16115.661 
            fifo_i                                          cv32e40p_fifo                                              135   5174.086    955.043         891.251     8.781     59.270    4140.147    0.000       74.637    0.000      0.000     6129.129 
            instruction_obi_i                               cv32e40p_obi_interface                                      71   2247.885    332.026         634.413    17.562     13.171    1545.421    0.000       37.318    0.000      0.000     2579.911 
            prefetch_controller_i                           cv32e40p_prefetch_controller                               182   4478.208   1562.145        2452.038    17.562    118.541    1815.430    0.000       74.637    0.000      0.000     6040.353 
        load_store_unit_i                                   cv32e40p_load_store_unit                                   441   9114.470   3999.291        6326.566    17.562    230.496    2465.210    0.000       74.637    0.000      0.000    13113.762 
        sleep_unit_i                                        cv32e40p_sleep_unit                                          8    186.592     33.390          59.270     0.000      0.000      96.589   30.733        0.000    0.000      0.000      219.982 
          core_clock_gate_i                                 cv32e40p_clock_gate                                          2     41.709      6.085          10.976     0.000      0.000       0.000   30.733        0.000    0.000      0.000       47.794 
    i_rstgen_main                                           rstgen                                                       4    193.178     18.255           0.000     0.000      0.000     193.178    0.000        0.000    0.000      0.000      211.433 
      i_rstgen_bypass                                       rstgen_bypass                                                4    193.178     18.255           0.000     0.000      0.000     193.178    0.000        0.000    0.000      0.000      211.433 
